{"D:\\Documentos\\GitHub\\ms-users\\src\\app.controller.ts": {"path":"D:\\Documentos\\GitHub\\ms-users\\src\\app.controller.ts","statementMap":{"0":{"start":{"line":1,"column":0},"end":{"line":1,"column":49}},"1":{"start":{"line":2,"column":0},"end":{"line":2,"column":43}},"2":{"start":{"line":5,"column":7},"end":{"line":12,"column":null}},"3":{"start":{"line":6,"column":31},"end":{"line":6,"column":43}},"4":{"start":{"line":10,"column":4},"end":{"line":10,"column":38}},"5":{"start":{"line":5,"column":13},"end":{"line":5,"column":26}},"6":{"start":{"line":9,"column":2},"end":{"line":11,"column":null}},"7":{"start":{"line":5,"column":13},"end":{"line":12,"column":null}}},"fnMap":{"0":{"name":"(anonymous_2)","decl":{"start":{"line":6,"column":2},"end":{"line":6,"column":31}},"loc":{"start":{"line":6,"column":53},"end":{"line":6,"column":57}}},"1":{"name":"(anonymous_3)","decl":{"start":{"line":9,"column":2},"end":{"line":9,"column":10}},"loc":{"start":{"line":9,"column":10},"end":{"line":11,"column":3}}}},"branchMap":{"0":{"loc":{"start":{"line":6,"column":43},"end":{"line":6,"column":56}},"type":"cond-expr","locations":[{"start":{"line":6,"column":53},"end":{"line":6,"column":56}},{"start":{"line":6,"column":53},"end":{"line":6,"column":56}}]},"1":{"loc":{"start":{"line":6,"column":43},"end":{"line":6,"column":53}},"type":"binary-expr","locations":[{"start":{"line":6,"column":43},"end":{"line":6,"column":56}},{"start":{"line":6,"column":43},"end":{"line":6,"column":53}}]}},"s":{"0":0,"1":0,"2":0,"3":0,"4":0,"5":0,"6":0,"7":0},"f":{"0":0,"1":0},"b":{"0":[0,0],"1":[0,0]}}
,"D:\\Documentos\\GitHub\\ms-users\\src\\app.module.ts": {"path":"D:\\Documentos\\GitHub\\ms-users\\src\\app.module.ts","statementMap":{"0":{"start":{"line":1,"column":0},"end":{"line":1,"column":40}},"1":{"start":{"line":2,"column":0},"end":{"line":2,"column":49}},"2":{"start":{"line":3,"column":0},"end":{"line":3,"column":43}},"3":{"start":{"line":4,"column":0},"end":{"line":4,"column":53}},"4":{"start":{"line":5,"column":0},"end":{"line":5,"column":51}},"5":{"start":{"line":6,"column":0},"end":{"line":6,"column":48}},"6":{"start":{"line":7,"column":0},"end":{"line":7,"column":54}},"7":{"start":{"line":9,"column":0},"end":{"line":9,"column":66}},"8":{"start":{"line":10,"column":0},"end":{"line":10,"column":51}},"9":{"start":{"line":11,"column":0},"end":{"line":11,"column":43}},"10":{"start":{"line":12,"column":0},"end":{"line":12,"column":57}},"11":{"start":{"line":13,"column":0},"end":{"line":13,"column":86}},"12":{"start":{"line":14,"column":0},"end":{"line":14,"column":98}},"13":{"start":{"line":15,"column":0},"end":{"line":15,"column":98}},"14":{"start":{"line":16,"column":0},"end":{"line":16,"column":101}},"15":{"start":{"line":17,"column":0},"end":{"line":17,"column":62}},"16":{"start":{"line":24,"column":7},"end":{"line":24,"column":null}},"17":{"start":{"line":24,"column":13},"end":{"line":24,"column":22}},"18":{"start":{"line":24,"column":13},"end":{"line":24,"column":null}}},"fnMap":{},"branchMap":{},"s":{"0":0,"1":0,"2":0,"3":0,"4":0,"5":0,"6":0,"7":0,"8":0,"9":0,"10":0,"11":0,"12":0,"13":0,"14":0,"15":0,"16":0,"17":0,"18":0},"f":{},"b":{}}
,"D:\\Documentos\\GitHub\\ms-users\\src\\app.service.ts": {"path":"D:\\Documentos\\GitHub\\ms-users\\src\\app.service.ts","statementMap":{"0":{"start":{"line":1,"column":0},"end":{"line":1,"column":44}},"1":{"start":{"line":4,"column":7},"end":{"line":8,"column":null}},"2":{"start":{"line":6,"column":4},"end":{"line":6,"column":26}},"3":{"start":{"line":4,"column":13},"end":{"line":4,"column":23}},"4":{"start":{"line":4,"column":13},"end":{"line":8,"column":null}}},"fnMap":{"0":{"name":"(anonymous_1)","decl":{"start":{"line":5,"column":2},"end":{"line":5,"column":10}},"loc":{"start":{"line":5,"column":10},"end":{"line":7,"column":3}}}},"branchMap":{},"s":{"0":0,"1":0,"2":0,"3":0,"4":0},"f":{"0":0},"b":{}}
,"D:\\Documentos\\GitHub\\ms-users\\src\\main.ts": {"path":"D:\\Documentos\\GitHub\\ms-users\\src\\main.ts","statementMap":{"0":{"start":{"line":5,"column":0},"end":{"line":5,"column":7}},"1":{"start":{"line":1,"column":0},"end":{"line":1,"column":43}},"2":{"start":{"line":2,"column":0},"end":{"line":2,"column":41}},"3":{"start":{"line":3,"column":0},"end":{"line":3,"column":65}},"4":{"start":{"line":6,"column":14},"end":{"line":6,"column":49}},"5":{"start":{"line":9,"column":17},"end":{"line":24,"column":12}},"6":{"start":{"line":26,"column":19},"end":{"line":26,"column":60}},"7":{"start":{"line":27,"column":2},"end":{"line":27,"column":44}},"8":{"start":{"line":28,"column":2},"end":{"line":28,"column":null}},"9":{"start":{"line":29,"column":2},"end":{"line":29,"column":45}},"10":{"start":{"line":31,"column":0},"end":{"line":31,"column":12}}},"fnMap":{"0":{"name":"bootstrap","decl":{"start":{"line":5,"column":22},"end":{"line":5,"column":31}},"loc":{"start":{"line":5,"column":31},"end":{"line":30,"column":1}}}},"branchMap":{"0":{"loc":{"start":{"line":29,"column":19},"end":{"line":29,"column":43}},"type":"binary-expr","locations":[{"start":{"line":29,"column":19},"end":{"line":29,"column":35}},{"start":{"line":29,"column":39},"end":{"line":29,"column":43}}]}},"s":{"0":0,"1":0,"2":0,"3":0,"4":0,"5":0,"6":0,"7":0,"8":0,"9":0,"10":0},"f":{"0":0},"b":{"0":[0,0]}}
,"D:\\Documentos\\GitHub\\ms-users\\src\\audit-log\\audit-log.controller.ts": {"path":"D:\\Documentos\\GitHub\\ms-users\\src\\audit-log\\audit-log.controller.ts","statementMap":{"0":{"start":{"line":1,"column":0},"end":{"line":1,"column":null}},"1":{"start":{"line":13,"column":0},"end":{"line":13,"column":null}},"2":{"start":{"line":20,"column":0},"end":{"line":20,"column":54}},"3":{"start":{"line":21,"column":0},"end":{"line":21,"column":41}},"4":{"start":{"line":22,"column":0},"end":{"line":22,"column":69}},"5":{"start":{"line":23,"column":0},"end":{"line":23,"column":56}},"6":{"start":{"line":24,"column":0},"end":{"line":24,"column":72}},"7":{"start":{"line":31,"column":7},"end":{"line":102,"column":null}},"8":{"start":{"line":32,"column":31},"end":{"line":32,"column":48}},"9":{"start":{"line":44,"column":4},"end":{"line":44,"column":65}},"10":{"start":{"line":54,"column":4},"end":{"line":54,"column":57}},"11":{"start":{"line":66,"column":4},"end":{"line":66,"column":66}},"12":{"start":{"line":77,"column":4},"end":{"line":77,"column":58}},"13":{"start":{"line":88,"column":4},"end":{"line":88,"column":58}},"14":{"start":{"line":100,"column":4},"end":{"line":100,"column":65}},"15":{"start":{"line":31,"column":13},"end":{"line":31,"column":31}},"16":{"start":{"line":40,"column":2},"end":{"line":45,"column":null}},"17":{"start":{"line":50,"column":2},"end":{"line":55,"column":null}},"18":{"start":{"line":62,"column":2},"end":{"line":67,"column":null}},"19":{"start":{"line":73,"column":2},"end":{"line":78,"column":null}},"20":{"start":{"line":84,"column":2},"end":{"line":89,"column":null}},"21":{"start":{"line":99,"column":2},"end":{"line":101,"column":null}},"22":{"start":{"line":31,"column":13},"end":{"line":102,"column":null}}},"fnMap":{"0":{"name":"(anonymous_4)","decl":{"start":{"line":32,"column":2},"end":{"line":32,"column":31}},"loc":{"start":{"line":32,"column":63},"end":{"line":32,"column":68}}},"1":{"name":"(anonymous_5)","decl":{"start":{"line":40,"column":2},"end":{"line":40,"column":19}},"loc":{"start":{"line":42,"column":36},"end":{"line":45,"column":3}}},"2":{"name":"(anonymous_6)","decl":{"start":{"line":50,"column":2},"end":{"line":50,"column":11}},"loc":{"start":{"line":52,"column":36},"end":{"line":55,"column":3}}},"3":{"name":"(anonymous_7)","decl":{"start":{"line":62,"column":2},"end":{"line":62,"column":10}},"loc":{"start":{"line":64,"column":32},"end":{"line":67,"column":3}}},"4":{"name":"(anonymous_8)","decl":{"start":{"line":73,"column":2},"end":{"line":73,"column":12}},"loc":{"start":{"line":75,"column":36},"end":{"line":78,"column":3}}},"5":{"name":"(anonymous_9)","decl":{"start":{"line":84,"column":2},"end":{"line":84,"column":12}},"loc":{"start":{"line":86,"column":37},"end":{"line":89,"column":3}}},"6":{"name":"(anonymous_10)","decl":{"start":{"line":99,"column":2},"end":{"line":99,"column":16}},"loc":{"start":{"line":99,"column":57},"end":{"line":101,"column":3}}}},"branchMap":{"0":{"loc":{"start":{"line":66,"column":54},"end":{"line":66,"column":64}},"type":"binary-expr","locations":[{"start":{"line":66,"column":54},"end":{"line":66,"column":58}},{"start":{"line":66,"column":62},"end":{"line":66,"column":64}}]},"1":{"loc":{"start":{"line":100,"column":47},"end":{"line":100,"column":63}},"type":"binary-expr","locations":[{"start":{"line":100,"column":47},"end":{"line":100,"column":57}},{"start":{"line":100,"column":61},"end":{"line":100,"column":63}}]},"2":{"loc":{"start":{"line":42,"column":20},"end":{"line":42,"column":null}},"type":"cond-expr","locations":[{"start":{"line":42,"column":36},"end":{"line":42,"column":null}},{"start":{"line":42,"column":36},"end":{"line":42,"column":null}}]},"3":{"loc":{"start":{"line":42,"column":20},"end":{"line":42,"column":36}},"type":"binary-expr","locations":[{"start":{"line":42,"column":20},"end":{"line":42,"column":null}},{"start":{"line":42,"column":20},"end":{"line":42,"column":36}}]},"4":{"loc":{"start":{"line":52,"column":20},"end":{"line":52,"column":null}},"type":"cond-expr","locations":[{"start":{"line":52,"column":36},"end":{"line":52,"column":null}},{"start":{"line":52,"column":36},"end":{"line":52,"column":null}}]},"5":{"loc":{"start":{"line":52,"column":20},"end":{"line":52,"column":36}},"type":"binary-expr","locations":[{"start":{"line":52,"column":20},"end":{"line":52,"column":null}},{"start":{"line":52,"column":20},"end":{"line":52,"column":36}}]},"6":{"loc":{"start":{"line":75,"column":20},"end":{"line":75,"column":null}},"type":"cond-expr","locations":[{"start":{"line":75,"column":36},"end":{"line":75,"column":null}},{"start":{"line":75,"column":36},"end":{"line":75,"column":null}}]},"7":{"loc":{"start":{"line":75,"column":20},"end":{"line":75,"column":36}},"type":"binary-expr","locations":[{"start":{"line":75,"column":20},"end":{"line":75,"column":null}},{"start":{"line":75,"column":20},"end":{"line":75,"column":36}}]},"8":{"loc":{"start":{"line":32,"column":48},"end":{"line":32,"column":67}},"type":"cond-expr","locations":[{"start":{"line":32,"column":63},"end":{"line":32,"column":67}},{"start":{"line":32,"column":63},"end":{"line":32,"column":67}}]},"9":{"loc":{"start":{"line":32,"column":48},"end":{"line":32,"column":63}},"type":"binary-expr","locations":[{"start":{"line":32,"column":48},"end":{"line":32,"column":67}},{"start":{"line":32,"column":48},"end":{"line":32,"column":63}}]}},"s":{"0":0,"1":0,"2":0,"3":0,"4":0,"5":0,"6":0,"7":0,"8":0,"9":0,"10":0,"11":0,"12":0,"13":0,"14":0,"15":0,"16":0,"17":0,"18":0,"19":0,"20":0,"21":0,"22":0},"f":{"0":0,"1":0,"2":0,"3":0,"4":0,"5":0,"6":0},"b":{"0":[0,0],"1":[0,0],"2":[0,0],"3":[0,0],"4":[0,0],"5":[0,0],"6":[0,0],"7":[0,0],"8":[0,0],"9":[0,0]}}
,"D:\\Documentos\\GitHub\\ms-users\\src\\audit-log\\audit-log.module.ts": {"path":"D:\\Documentos\\GitHub\\ms-users\\src\\audit-log\\audit-log.module.ts","statementMap":{"0":{"start":{"line":1,"column":0},"end":{"line":1,"column":48}},"1":{"start":{"line":2,"column":0},"end":{"line":2,"column":54}},"2":{"start":{"line":3,"column":0},"end":{"line":3,"column":60}},"3":{"start":{"line":4,"column":0},"end":{"line":4,"column":55}},"4":{"start":{"line":13,"column":7},"end":{"line":13,"column":null}},"5":{"start":{"line":13,"column":13},"end":{"line":13,"column":27}},"6":{"start":{"line":13,"column":13},"end":{"line":13,"column":null}}},"fnMap":{},"branchMap":{},"s":{"0":0,"1":0,"2":0,"3":0,"4":0,"5":0,"6":0},"f":{},"b":{}}
,"D:\\Documentos\\GitHub\\ms-users\\src\\audit-log\\audit-log.service.ts": {"path":"D:\\Documentos\\GitHub\\ms-users\\src\\audit-log\\audit-log.service.ts","statementMap":{"0":{"start":{"line":1,"column":0},"end":{"line":1,"column":null}},"1":{"start":{"line":7,"column":0},"end":{"line":7,"column":57}},"2":{"start":{"line":9,"column":0},"end":{"line":9,"column":54}},"3":{"start":{"line":12,"column":13},"end":{"line":50,"column":11}},"4":{"start":{"line":55,"column":28},"end":{"line":491,"column":null}},"5":{"start":{"line":56,"column":28},"end":{"line":56,"column":60}},"6":{"start":{"line":58,"column":31},"end":{"line":58,"column":39}},"7":{"start":{"line":63,"column":23},"end":{"line":68,"column":6}},"8":{"start":{"line":70,"column":4},"end":{"line":72,"column":5}},"9":{"start":{"line":71,"column":6},"end":{"line":71,"column":90}},"10":{"start":{"line":74,"column":4},"end":{"line":74,"column":22}},"11":{"start":{"line":78,"column":23},"end":{"line":80,"column":6}},"12":{"start":{"line":82,"column":4},"end":{"line":82,"column":44}},"13":{"start":{"line":92,"column":25},"end":{"line":92,"column":65}},"14":{"start":{"line":94,"column":21},"end":{"line":105,"column":6}},"15":{"start":{"line":107,"column":4},"end":{"line":109,"column":6}},"16":{"start":{"line":111,"column":4},"end":{"line":111,"column":20}},"17":{"start":{"line":124,"column":4},"end":{"line":128,"column":6}},"18":{"start":{"line":134,"column":23},"end":{"line":134,"column":57}},"19":{"start":{"line":136,"column":97},"end":{"line":136,"column":102}},"20":{"start":{"line":137,"column":17},"end":{"line":137,"column":35}},"21":{"start":{"line":139,"column":45},"end":{"line":141,"column":6}},"22":{"start":{"line":143,"column":4},"end":{"line":145,"column":5}},"23":{"start":{"line":144,"column":6},"end":{"line":144,"column":34}},"24":{"start":{"line":147,"column":4},"end":{"line":149,"column":5}},"25":{"start":{"line":148,"column":6},"end":{"line":148,"column":32}},"26":{"start":{"line":151,"column":4},"end":{"line":153,"column":5}},"27":{"start":{"line":152,"column":6},"end":{"line":152,"column":28}},"28":{"start":{"line":155,"column":4},"end":{"line":163,"column":5}},"29":{"start":{"line":156,"column":6},"end":{"line":156,"column":27}},"30":{"start":{"line":157,"column":6},"end":{"line":159,"column":7}},"31":{"start":{"line":158,"column":8},"end":{"line":158,"column":50}},"32":{"start":{"line":160,"column":6},"end":{"line":162,"column":7}},"33":{"start":{"line":161,"column":8},"end":{"line":161,"column":48}},"34":{"start":{"line":165,"column":26},"end":{"line":187,"column":6}},"35":{"start":{"line":189,"column":4},"end":{"line":215,"column":6}},"36":{"start":{"line":190,"column":31},"end":{"line":206,"column":8}},"37":{"start":{"line":219,"column":75},"end":{"line":219,"column":80}},"38":{"start":{"line":220,"column":17},"end":{"line":220,"column":35}},"39":{"start":{"line":222,"column":45},"end":{"line":224,"column":6}},"40":{"start":{"line":226,"column":4},"end":{"line":228,"column":5}},"41":{"start":{"line":227,"column":6},"end":{"line":227,"column":32}},"42":{"start":{"line":230,"column":4},"end":{"line":232,"column":5}},"43":{"start":{"line":231,"column":6},"end":{"line":231,"column":28}},"44":{"start":{"line":234,"column":4},"end":{"line":242,"column":5}},"45":{"start":{"line":235,"column":6},"end":{"line":235,"column":27}},"46":{"start":{"line":236,"column":6},"end":{"line":238,"column":7}},"47":{"start":{"line":237,"column":8},"end":{"line":237,"column":50}},"48":{"start":{"line":239,"column":6},"end":{"line":241,"column":7}},"49":{"start":{"line":240,"column":8},"end":{"line":240,"column":48}},"50":{"start":{"line":244,"column":26},"end":{"line":252,"column":6}},"51":{"start":{"line":254,"column":4},"end":{"line":264,"column":6}},"52":{"start":{"line":268,"column":23},"end":{"line":268,"column":57}},"53":{"start":{"line":270,"column":16},"end":{"line":287,"column":6}},"54":{"start":{"line":289,"column":4},"end":{"line":291,"column":5}},"55":{"start":{"line":290,"column":6},"end":{"line":290,"column":55}},"56":{"start":{"line":293,"column":4},"end":{"line":295,"column":5}},"57":{"start":{"line":294,"column":6},"end":{"line":294,"column":66}},"58":{"start":{"line":297,"column":4},"end":{"line":297,"column":15}},"59":{"start":{"line":303,"column":23},"end":{"line":303,"column":57}},"60":{"start":{"line":305,"column":22},"end":{"line":305,"column":32}},"61":{"start":{"line":306,"column":4},"end":{"line":306,"column":50}},"62":{"start":{"line":313,"column":8},"end":{"line":353,"column":6}},"63":{"start":{"line":356,"column":20},"end":{"line":356,"column":51}},"64":{"start":{"line":356,"column":42},"end":{"line":356,"column":50}},"65":{"start":{"line":357,"column":18},"end":{"line":369,"column":6}},"66":{"start":{"line":371,"column":21},"end":{"line":371,"column":57}},"67":{"start":{"line":371,"column":46},"end":{"line":371,"column":55}},"68":{"start":{"line":373,"column":4},"end":{"line":395,"column":6}},"69":{"start":{"line":376,"column":41},"end":{"line":379,"column":8}},"70":{"start":{"line":380,"column":45},"end":{"line":383,"column":8}},"71":{"start":{"line":385,"column":21},"end":{"line":385,"column":43}},"72":{"start":{"line":386,"column":8},"end":{"line":393,"column":10}},"73":{"start":{"line":401,"column":23},"end":{"line":401,"column":33}},"74":{"start":{"line":402,"column":4},"end":{"line":402,"column":58}},"75":{"start":{"line":404,"column":19},"end":{"line":408,"column":6}},"76":{"start":{"line":410,"column":4},"end":{"line":410,"column":91}},"77":{"start":{"line":412,"column":4},"end":{"line":416,"column":6}},"78":{"start":{"line":422,"column":23},"end":{"line":422,"column":57}},"79":{"start":{"line":424,"column":75},"end":{"line":424,"column":80}},"80":{"start":{"line":426,"column":45},"end":{"line":428,"column":6}},"81":{"start":{"line":430,"column":4},"end":{"line":432,"column":5}},"82":{"start":{"line":431,"column":6},"end":{"line":431,"column":34}},"83":{"start":{"line":434,"column":4},"end":{"line":436,"column":5}},"84":{"start":{"line":435,"column":6},"end":{"line":435,"column":32}},"85":{"start":{"line":438,"column":4},"end":{"line":440,"column":5}},"86":{"start":{"line":439,"column":6},"end":{"line":439,"column":28}},"87":{"start":{"line":442,"column":4},"end":{"line":450,"column":5}},"88":{"start":{"line":443,"column":6},"end":{"line":443,"column":27}},"89":{"start":{"line":444,"column":6},"end":{"line":446,"column":7}},"90":{"start":{"line":445,"column":8},"end":{"line":445,"column":50}},"91":{"start":{"line":447,"column":6},"end":{"line":449,"column":7}},"92":{"start":{"line":448,"column":8},"end":{"line":448,"column":48}},"93":{"start":{"line":452,"column":17},"end":{"line":469,"column":6}},"94":{"start":{"line":472,"column":20},"end":{"line":484,"column":7}},"95":{"start":{"line":472,"column":39},"end":{"line":484,"column":6}},"96":{"start":{"line":486,"column":4},"end":{"line":489,"column":6}},"97":{"start":{"line":55,"column":13},"end":{"line":55,"column":28}},"98":{"start":{"line":55,"column":13},"end":{"line":491,"column":null}}},"fnMap":{"0":{"name":"(anonymous_2)","decl":{"start":{"line":58,"column":2},"end":{"line":58,"column":31}},"loc":{"start":{"line":58,"column":52},"end":{"line":58,"column":57}}},"1":{"name":"(anonymous_3)","decl":{"start":{"line":62,"column":10},"end":{"line":62,"column":15}},"loc":{"start":{"line":62,"column":46},"end":{"line":75,"column":3}}},"2":{"name":"(anonymous_4)","decl":{"start":{"line":77,"column":10},"end":{"line":77,"column":15}},"loc":{"start":{"line":77,"column":52},"end":{"line":83,"column":3}}},"3":{"name":"(anonymous_5)","decl":{"start":{"line":87,"column":2},"end":{"line":87,"column":7}},"loc":{"start":{"line":90,"column":60},"end":{"line":112,"column":3}}},"4":{"name":"(anonymous_6)","decl":{"start":{"line":116,"column":2},"end":{"line":116,"column":7}},"loc":{"start":{"line":122,"column":60},"end":{"line":129,"column":3}}},"5":{"name":"(anonymous_7)","decl":{"start":{"line":133,"column":2},"end":{"line":133,"column":7}},"loc":{"start":{"line":133,"column":65},"end":{"line":216,"column":3}}},"6":{"name":"(anonymous_8)","decl":{"start":{"line":190,"column":21},"end":{"line":190,"column":22}},"loc":{"start":{"line":190,"column":31},"end":{"line":206,"column":8}}},"7":{"name":"(anonymous_9)","decl":{"start":{"line":218,"column":2},"end":{"line":218,"column":7}},"loc":{"start":{"line":218,"column":57},"end":{"line":265,"column":3}}},"8":{"name":"(anonymous_10)","decl":{"start":{"line":267,"column":2},"end":{"line":267,"column":7}},"loc":{"start":{"line":267,"column":48},"end":{"line":298,"column":3}}},"9":{"name":"(anonymous_11)","decl":{"start":{"line":302,"column":2},"end":{"line":302,"column":7}},"loc":{"start":{"line":302,"column":55},"end":{"line":396,"column":3}}},"10":{"name":"(anonymous_12)","decl":{"start":{"line":356,"column":35},"end":{"line":356,"column":36}},"loc":{"start":{"line":356,"column":42},"end":{"line":356,"column":50}}},"11":{"name":"(anonymous_13)","decl":{"start":{"line":371,"column":39},"end":{"line":371,"column":40}},"loc":{"start":{"line":371,"column":46},"end":{"line":371,"column":55}}},"12":{"name":"(anonymous_14)","decl":{"start":{"line":376,"column":33},"end":{"line":376,"column":34}},"loc":{"start":{"line":376,"column":41},"end":{"line":379,"column":8}}},"13":{"name":"(anonymous_15)","decl":{"start":{"line":380,"column":37},"end":{"line":380,"column":38}},"loc":{"start":{"line":380,"column":45},"end":{"line":383,"column":8}}},"14":{"name":"(anonymous_16)","decl":{"start":{"line":384,"column":31},"end":{"line":384,"column":32}},"loc":{"start":{"line":384,"column":37},"end":{"line":394,"column":7}}},"15":{"name":"(anonymous_17)","decl":{"start":{"line":400,"column":2},"end":{"line":400,"column":7}},"loc":{"start":{"line":400,"column":46},"end":{"line":417,"column":3}}},"16":{"name":"(anonymous_18)","decl":{"start":{"line":421,"column":2},"end":{"line":421,"column":7}},"loc":{"start":{"line":421,"column":58},"end":{"line":490,"column":3}}},"17":{"name":"(anonymous_19)","decl":{"start":{"line":472,"column":29},"end":{"line":472,"column":30}},"loc":{"start":{"line":472,"column":39},"end":{"line":484,"column":6}}}},"branchMap":{"0":{"loc":{"start":{"line":70,"column":4},"end":{"line":72,"column":5}},"type":"if","locations":[{"start":{"line":70,"column":4},"end":{"line":72,"column":5}},{"start":{},"end":{}}]},"1":{"loc":{"start":{"line":82,"column":11},"end":{"line":82,"column":43}},"type":"binary-expr","locations":[{"start":{"line":82,"column":11},"end":{"line":82,"column":35}},{"start":{"line":82,"column":39},"end":{"line":82,"column":43}}]},"2":{"loc":{"start":{"line":101,"column":17},"end":{"line":101,"column":47}},"type":"binary-expr","locations":[{"start":{"line":101,"column":17},"end":{"line":101,"column":28}},{"start":{"line":101,"column":32},"end":{"line":101,"column":47}}]},"3":{"loc":{"start":{"line":102,"column":19},"end":{"line":102,"column":38}},"type":"binary-expr","locations":[{"start":{"line":102,"column":19},"end":{"line":102,"column":30}},{"start":{"line":102,"column":34},"end":{"line":102,"column":38}}]},"4":{"loc":{"start":{"line":103,"column":19},"end":{"line":103,"column":59}},"type":"binary-expr","locations":[{"start":{"line":103,"column":19},"end":{"line":103,"column":51}},{"start":{"line":103,"column":55},"end":{"line":103,"column":59}}]},"5":{"loc":{"start":{"line":136,"column":12},"end":{"line":136,"column":20}},"type":"default-arg","locations":[{"start":{"line":136,"column":19},"end":{"line":136,"column":20}}]},"6":{"loc":{"start":{"line":136,"column":22},"end":{"line":136,"column":32}},"type":"default-arg","locations":[{"start":{"line":136,"column":30},"end":{"line":136,"column":32}}]},"7":{"loc":{"start":{"line":143,"column":4},"end":{"line":145,"column":5}},"type":"if","locations":[{"start":{"line":143,"column":4},"end":{"line":145,"column":5}},{"start":{},"end":{}}]},"8":{"loc":{"start":{"line":147,"column":4},"end":{"line":149,"column":5}},"type":"if","locations":[{"start":{"line":147,"column":4},"end":{"line":149,"column":5}},{"start":{},"end":{}}]},"9":{"loc":{"start":{"line":151,"column":4},"end":{"line":153,"column":5}},"type":"if","locations":[{"start":{"line":151,"column":4},"end":{"line":153,"column":5}},{"start":{},"end":{}}]},"10":{"loc":{"start":{"line":155,"column":4},"end":{"line":163,"column":5}},"type":"if","locations":[{"start":{"line":155,"column":4},"end":{"line":163,"column":5}},{"start":{},"end":{}}]},"11":{"loc":{"start":{"line":155,"column":8},"end":{"line":155,"column":28}},"type":"binary-expr","locations":[{"start":{"line":155,"column":8},"end":{"line":155,"column":17}},{"start":{"line":155,"column":21},"end":{"line":155,"column":28}}]},"12":{"loc":{"start":{"line":157,"column":6},"end":{"line":159,"column":7}},"type":"if","locations":[{"start":{"line":157,"column":6},"end":{"line":159,"column":7}},{"start":{},"end":{}}]},"13":{"loc":{"start":{"line":160,"column":6},"end":{"line":162,"column":7}},"type":"if","locations":[{"start":{"line":160,"column":6},"end":{"line":162,"column":7}},{"start":{},"end":{}}]},"14":{"loc":{"start":{"line":202,"column":20},"end":{"line":204,"column":18}},"type":"cond-expr","locations":[{"start":{"line":203,"column":14},"end":{"line":203,"column":74}},{"start":{"line":204,"column":14},"end":{"line":204,"column":18}}]},"15":{"loc":{"start":{"line":219,"column":12},"end":{"line":219,"column":20}},"type":"default-arg","locations":[{"start":{"line":219,"column":19},"end":{"line":219,"column":20}}]},"16":{"loc":{"start":{"line":219,"column":22},"end":{"line":219,"column":32}},"type":"default-arg","locations":[{"start":{"line":219,"column":30},"end":{"line":219,"column":32}}]},"17":{"loc":{"start":{"line":226,"column":4},"end":{"line":228,"column":5}},"type":"if","locations":[{"start":{"line":226,"column":4},"end":{"line":228,"column":5}},{"start":{},"end":{}}]},"18":{"loc":{"start":{"line":230,"column":4},"end":{"line":232,"column":5}},"type":"if","locations":[{"start":{"line":230,"column":4},"end":{"line":232,"column":5}},{"start":{},"end":{}}]},"19":{"loc":{"start":{"line":234,"column":4},"end":{"line":242,"column":5}},"type":"if","locations":[{"start":{"line":234,"column":4},"end":{"line":242,"column":5}},{"start":{},"end":{}}]},"20":{"loc":{"start":{"line":234,"column":8},"end":{"line":234,"column":28}},"type":"binary-expr","locations":[{"start":{"line":234,"column":8},"end":{"line":234,"column":17}},{"start":{"line":234,"column":21},"end":{"line":234,"column":28}}]},"21":{"loc":{"start":{"line":236,"column":6},"end":{"line":238,"column":7}},"type":"if","locations":[{"start":{"line":236,"column":6},"end":{"line":238,"column":7}},{"start":{},"end":{}}]},"22":{"loc":{"start":{"line":239,"column":6},"end":{"line":241,"column":7}},"type":"if","locations":[{"start":{"line":239,"column":6},"end":{"line":241,"column":7}},{"start":{},"end":{}}]},"23":{"loc":{"start":{"line":289,"column":4},"end":{"line":291,"column":5}},"type":"if","locations":[{"start":{"line":289,"column":4},"end":{"line":291,"column":5}},{"start":{},"end":{}}]},"24":{"loc":{"start":{"line":293,"column":4},"end":{"line":295,"column":5}},"type":"if","locations":[{"start":{"line":293,"column":4},"end":{"line":295,"column":5}},{"start":{},"end":{}}]},"25":{"loc":{"start":{"line":302,"column":38},"end":{"line":302,"column":55}},"type":"default-arg","locations":[{"start":{"line":302,"column":53},"end":{"line":302,"column":55}}]},"26":{"loc":{"start":{"line":389,"column":20},"end":{"line":391,"column":18}},"type":"cond-expr","locations":[{"start":{"line":390,"column":14},"end":{"line":390,"column":66}},{"start":{"line":391,"column":14},"end":{"line":391,"column":18}}]},"27":{"loc":{"start":{"line":400,"column":23},"end":{"line":400,"column":46}},"type":"default-arg","locations":[{"start":{"line":400,"column":44},"end":{"line":400,"column":46}}]},"28":{"loc":{"start":{"line":430,"column":4},"end":{"line":432,"column":5}},"type":"if","locations":[{"start":{"line":430,"column":4},"end":{"line":432,"column":5}},{"start":{},"end":{}}]},"29":{"loc":{"start":{"line":434,"column":4},"end":{"line":436,"column":5}},"type":"if","locations":[{"start":{"line":434,"column":4},"end":{"line":436,"column":5}},{"start":{},"end":{}}]},"30":{"loc":{"start":{"line":438,"column":4},"end":{"line":440,"column":5}},"type":"if","locations":[{"start":{"line":438,"column":4},"end":{"line":440,"column":5}},{"start":{},"end":{}}]},"31":{"loc":{"start":{"line":442,"column":4},"end":{"line":450,"column":5}},"type":"if","locations":[{"start":{"line":442,"column":4},"end":{"line":450,"column":5}},{"start":{},"end":{}}]},"32":{"loc":{"start":{"line":442,"column":8},"end":{"line":442,"column":28}},"type":"binary-expr","locations":[{"start":{"line":442,"column":8},"end":{"line":442,"column":17}},{"start":{"line":442,"column":21},"end":{"line":442,"column":28}}]},"33":{"loc":{"start":{"line":444,"column":6},"end":{"line":446,"column":7}},"type":"if","locations":[{"start":{"line":444,"column":6},"end":{"line":446,"column":7}},{"start":{},"end":{}}]},"34":{"loc":{"start":{"line":447,"column":6},"end":{"line":449,"column":7}},"type":"if","locations":[{"start":{"line":447,"column":6},"end":{"line":449,"column":7}},{"start":{},"end":{}}]},"35":{"loc":{"start":{"line":476,"column":14},"end":{"line":478,"column":12}},"type":"cond-expr","locations":[{"start":{"line":477,"column":10},"end":{"line":477,"column":70}},{"start":{"line":478,"column":10},"end":{"line":478,"column":12}}]},"36":{"loc":{"start":{"line":481,"column":17},"end":{"line":481,"column":37}},"type":"binary-expr","locations":[{"start":{"line":481,"column":17},"end":{"line":481,"column":31}},{"start":{"line":481,"column":35},"end":{"line":481,"column":37}}]},"37":{"loc":{"start":{"line":482,"column":10},"end":{"line":482,"column":29}},"type":"binary-expr","locations":[{"start":{"line":482,"column":10},"end":{"line":482,"column":23}},{"start":{"line":482,"column":27},"end":{"line":482,"column":29}}]},"38":{"loc":{"start":{"line":483,"column":15},"end":{"line":483,"column":61}},"type":"cond-expr","locations":[{"start":{"line":483,"column":29},"end":{"line":483,"column":56}},{"start":{"line":483,"column":59},"end":{"line":483,"column":61}}]},"39":{"loc":{"start":{"line":58,"column":39},"end":{"line":58,"column":56}},"type":"cond-expr","locations":[{"start":{"line":58,"column":52},"end":{"line":58,"column":56}},{"start":{"line":58,"column":52},"end":{"line":58,"column":56}}]},"40":{"loc":{"start":{"line":58,"column":39},"end":{"line":58,"column":52}},"type":"binary-expr","locations":[{"start":{"line":58,"column":39},"end":{"line":58,"column":56}},{"start":{"line":58,"column":39},"end":{"line":58,"column":52}}]}},"s":{"0":0,"1":0,"2":0,"3":0,"4":0,"5":0,"6":0,"7":0,"8":0,"9":0,"10":0,"11":0,"12":0,"13":0,"14":0,"15":0,"16":0,"17":0,"18":0,"19":0,"20":0,"21":0,"22":0,"23":0,"24":0,"25":0,"26":0,"27":0,"28":0,"29":0,"30":0,"31":0,"32":0,"33":0,"34":0,"35":0,"36":0,"37":0,"38":0,"39":0,"40":0,"41":0,"42":0,"43":0,"44":0,"45":0,"46":0,"47":0,"48":0,"49":0,"50":0,"51":0,"52":0,"53":0,"54":0,"55":0,"56":0,"57":0,"58":0,"59":0,"60":0,"61":0,"62":0,"63":0,"64":0,"65":0,"66":0,"67":0,"68":0,"69":0,"70":0,"71":0,"72":0,"73":0,"74":0,"75":0,"76":0,"77":0,"78":0,"79":0,"80":0,"81":0,"82":0,"83":0,"84":0,"85":0,"86":0,"87":0,"88":0,"89":0,"90":0,"91":0,"92":0,"93":0,"94":0,"95":0,"96":0,"97":0,"98":0},"f":{"0":0,"1":0,"2":0,"3":0,"4":0,"5":0,"6":0,"7":0,"8":0,"9":0,"10":0,"11":0,"12":0,"13":0,"14":0,"15":0,"16":0,"17":0},"b":{"0":[0,0],"1":[0,0],"2":[0,0],"3":[0,0],"4":[0,0],"5":[0],"6":[0],"7":[0,0],"8":[0,0],"9":[0,0],"10":[0,0],"11":[0,0],"12":[0,0],"13":[0,0],"14":[0,0],"15":[0],"16":[0],"17":[0,0],"18":[0,0],"19":[0,0],"20":[0,0],"21":[0,0],"22":[0,0],"23":[0,0],"24":[0,0],"25":[0],"26":[0,0],"27":[0],"28":[0,0],"29":[0,0],"30":[0,0],"31":[0,0],"32":[0,0],"33":[0,0],"34":[0,0],"35":[0,0],"36":[0,0],"37":[0,0],"38":[0,0],"39":[0,0],"40":[0,0]}}
,"D:\\Documentos\\GitHub\\ms-users\\src\\audit-log\\dto\\create-audit-log.dto.ts": {"path":"D:\\Documentos\\GitHub\\ms-users\\src\\audit-log\\dto\\create-audit-log.dto.ts","statementMap":{"0":{"start":{"line":1,"column":0},"end":{"line":1,"column":46}},"1":{"start":{"line":2,"column":0},"end":{"line":2,"column":75}},"2":{"start":{"line":3,"column":0},"end":{"line":3,"column":46}},"3":{"start":{"line":5,"column":0},"end":{"line":5,"column":13}},"4":{"start":{"line":12,"column":2},"end":{"line":12,"column":null}},"5":{"start":{"line":21,"column":2},"end":{"line":21,"column":null}},"6":{"start":{"line":30,"column":2},"end":{"line":30,"column":null}},"7":{"start":{"line":38,"column":2},"end":{"line":38,"column":null}}},"fnMap":{},"branchMap":{"0":{"loc":{"start":{"line":21,"column":12},"end":{"line":21,"column":25}},"type":"cond-expr","locations":[{"start":{"line":21,"column":24},"end":{"line":21,"column":25}},{"start":{"line":21,"column":24},"end":{"line":21,"column":25}}]},"1":{"loc":{"start":{"line":21,"column":12},"end":{"line":21,"column":24}},"type":"binary-expr","locations":[{"start":{"line":21,"column":12},"end":{"line":21,"column":25}},{"start":{"line":21,"column":12},"end":{"line":21,"column":24}}]},"2":{"loc":{"start":{"line":38,"column":12},"end":{"line":38,"column":32}},"type":"cond-expr","locations":[{"start":{"line":38,"column":18},"end":{"line":38,"column":32}},{"start":{"line":38,"column":18},"end":{"line":38,"column":32}}]},"3":{"loc":{"start":{"line":38,"column":12},"end":{"line":38,"column":18}},"type":"binary-expr","locations":[{"start":{"line":38,"column":12},"end":{"line":38,"column":32}},{"start":{"line":38,"column":12},"end":{"line":38,"column":18}}]}},"s":{"0":0,"1":0,"2":0,"3":0,"4":0,"5":0,"6":0,"7":0},"f":{},"b":{"0":[0,0],"1":[0,0],"2":[0,0],"3":[0,0]}}
,"D:\\Documentos\\GitHub\\ms-users\\src\\audit-log\\dto\\index.ts": {"path":"D:\\Documentos\\GitHub\\ms-users\\src\\audit-log\\dto\\index.ts","statementMap":{"0":{"start":{"line":1,"column":0},"end":{"line":1,"column":9}},"1":{"start":{"line":1,"column":9},"end":{"line":1,"column":59}},"2":{"start":{"line":2,"column":0},"end":{"line":2,"column":9}},"3":{"start":{"line":2,"column":9},"end":{"line":2,"column":57}}},"fnMap":{"0":{"name":"(anonymous_0)","decl":{"start":{"line":1,"column":9},"end":{"line":1,"column":26}},"loc":{"start":{"line":1,"column":9},"end":{"line":1,"column":59}}},"1":{"name":"(anonymous_1)","decl":{"start":{"line":2,"column":9},"end":{"line":2,"column":25}},"loc":{"start":{"line":2,"column":9},"end":{"line":2,"column":57}}}},"branchMap":{},"s":{"0":0,"1":0,"2":0,"3":0},"f":{"0":0,"1":0},"b":{}}
,"D:\\Documentos\\GitHub\\ms-users\\src\\audit-log\\dto\\query-audit-log.dto.ts": {"path":"D:\\Documentos\\GitHub\\ms-users\\src\\audit-log\\dto\\query-audit-log.dto.ts","statementMap":{"0":{"start":{"line":1,"column":0},"end":{"line":1,"column":46}},"1":{"start":{"line":2,"column":0},"end":{"line":2,"column":94}},"2":{"start":{"line":3,"column":0},"end":{"line":3,"column":41}},"3":{"start":{"line":4,"column":0},"end":{"line":4,"column":46}},"4":{"start":{"line":63,"column":18},"end":{"line":63,"column":19}},"5":{"start":{"line":76,"column":19},"end":{"line":76,"column":21}},"6":{"start":{"line":6,"column":0},"end":{"line":6,"column":13}},"7":{"start":{"line":14,"column":2},"end":{"line":14,"column":null}},"8":{"start":{"line":24,"column":2},"end":{"line":24,"column":null}},"9":{"start":{"line":33,"column":2},"end":{"line":33,"column":null}},"10":{"start":{"line":42,"column":2},"end":{"line":42,"column":null}},"11":{"start":{"line":51,"column":2},"end":{"line":51,"column":null}},"12":{"start":{"line":63,"column":2},"end":{"line":63,"column":null}},"13":{"start":{"line":59,"column":14},"end":{"line":59,"column":20}},"14":{"start":{"line":76,"column":2},"end":{"line":76,"column":null}},"15":{"start":{"line":71,"column":14},"end":{"line":71,"column":20}}},"fnMap":{"0":{"name":"(anonymous_2)","decl":{"start":{"line":59,"column":8},"end":{"line":59,"column":11}},"loc":{"start":{"line":59,"column":14},"end":{"line":59,"column":20}}},"1":{"name":"(anonymous_3)","decl":{"start":{"line":71,"column":8},"end":{"line":71,"column":11}},"loc":{"start":{"line":71,"column":14},"end":{"line":71,"column":20}}}},"branchMap":{"0":{"loc":{"start":{"line":24,"column":13},"end":{"line":24,"column":26}},"type":"cond-expr","locations":[{"start":{"line":24,"column":25},"end":{"line":24,"column":26}},{"start":{"line":24,"column":25},"end":{"line":24,"column":26}}]},"1":{"loc":{"start":{"line":24,"column":13},"end":{"line":24,"column":25}},"type":"binary-expr","locations":[{"start":{"line":24,"column":13},"end":{"line":24,"column":26}},{"start":{"line":24,"column":13},"end":{"line":24,"column":25}}]}},"s":{"0":0,"1":0,"2":0,"3":0,"4":0,"5":0,"6":0,"7":0,"8":0,"9":0,"10":0,"11":0,"12":0,"13":0,"14":0,"15":0},"f":{"0":0,"1":0},"b":{"0":[0,0],"1":[0,0]}}
,"D:\\Documentos\\GitHub\\ms-users\\src\\auth\\auth.controller.ts": {"path":"D:\\Documentos\\GitHub\\ms-users\\src\\auth\\auth.controller.ts","statementMap":{"0":{"start":{"line":1,"column":0},"end":{"line":1,"column":null}},"1":{"start":{"line":11,"column":0},"end":{"line":11,"column":45}},"2":{"start":{"line":12,"column":0},"end":{"line":12,"column":43}},"3":{"start":{"line":13,"column":0},"end":{"line":13,"column":49}},"4":{"start":{"line":14,"column":0},"end":{"line":14,"column":58}},"5":{"start":{"line":15,"column":0},"end":{"line":15,"column":null}},"6":{"start":{"line":22,"column":0},"end":{"line":22,"column":41}},"7":{"start":{"line":23,"column":0},"end":{"line":23,"column":65}},"8":{"start":{"line":27,"column":7},"end":{"line":139,"column":null}},"9":{"start":{"line":28,"column":31},"end":{"line":28,"column":44}},"10":{"start":{"line":45,"column":4},"end":{"line":45,"column":41}},"11":{"start":{"line":54,"column":4},"end":{"line":54,"column":43}},"12":{"start":{"line":74,"column":19},"end":{"line":74,"column":30}},"13":{"start":{"line":75,"column":25},"end":{"line":75,"column":46}},"14":{"start":{"line":76,"column":4},"end":{"line":76,"column":64}},"15":{"start":{"line":96,"column":4},"end":{"line":99,"column":6}},"16":{"start":{"line":118,"column":4},"end":{"line":118,"column":48}},"17":{"start":{"line":137,"column":4},"end":{"line":137,"column":51}},"18":{"start":{"line":27,"column":13},"end":{"line":27,"column":27}},"19":{"start":{"line":44,"column":2},"end":{"line":46,"column":null}},"20":{"start":{"line":53,"column":2},"end":{"line":55,"column":null}},"21":{"start":{"line":73,"column":2},"end":{"line":77,"column":null}},"22":{"start":{"line":95,"column":2},"end":{"line":100,"column":null}},"23":{"start":{"line":117,"column":2},"end":{"line":119,"column":null}},"24":{"start":{"line":136,"column":2},"end":{"line":138,"column":null}},"25":{"start":{"line":27,"column":13},"end":{"line":139,"column":null}}},"fnMap":{"0":{"name":"(anonymous_4)","decl":{"start":{"line":28,"column":2},"end":{"line":28,"column":31}},"loc":{"start":{"line":28,"column":55},"end":{"line":28,"column":60}}},"1":{"name":"(anonymous_5)","decl":{"start":{"line":44,"column":2},"end":{"line":44,"column":8}},"loc":{"start":{"line":44,"column":31},"end":{"line":46,"column":3}}},"2":{"name":"(anonymous_6)","decl":{"start":{"line":53,"column":2},"end":{"line":53,"column":8}},"loc":{"start":{"line":53,"column":34},"end":{"line":55,"column":3}}},"3":{"name":"(anonymous_7)","decl":{"start":{"line":73,"column":2},"end":{"line":73,"column":15}},"loc":{"start":{"line":73,"column":31},"end":{"line":77,"column":3}}},"4":{"name":"(anonymous_8)","decl":{"start":{"line":95,"column":2},"end":{"line":95,"column":8}},"loc":{"start":{"line":95,"column":24},"end":{"line":100,"column":3}}},"5":{"name":"(anonymous_9)","decl":{"start":{"line":117,"column":2},"end":{"line":117,"column":8}},"loc":{"start":{"line":117,"column":24},"end":{"line":119,"column":3}}},"6":{"name":"(anonymous_10)","decl":{"start":{"line":136,"column":2},"end":{"line":136,"column":11}},"loc":{"start":{"line":136,"column":27},"end":{"line":138,"column":3}}}},"branchMap":{"0":{"loc":{"start":{"line":44,"column":23},"end":{"line":44,"column":null}},"type":"cond-expr","locations":[{"start":{"line":44,"column":31},"end":{"line":44,"column":null}},{"start":{"line":44,"column":31},"end":{"line":44,"column":null}}]},"1":{"loc":{"start":{"line":44,"column":23},"end":{"line":44,"column":31}},"type":"binary-expr","locations":[{"start":{"line":44,"column":23},"end":{"line":44,"column":null}},{"start":{"line":44,"column":23},"end":{"line":44,"column":31}}]},"2":{"loc":{"start":{"line":53,"column":23},"end":{"line":53,"column":null}},"type":"cond-expr","locations":[{"start":{"line":53,"column":34},"end":{"line":53,"column":null}},{"start":{"line":53,"column":34},"end":{"line":53,"column":null}}]},"3":{"loc":{"start":{"line":53,"column":23},"end":{"line":53,"column":34}},"type":"binary-expr","locations":[{"start":{"line":53,"column":23},"end":{"line":53,"column":null}},{"start":{"line":53,"column":23},"end":{"line":53,"column":34}}]},"4":{"loc":{"start":{"line":28,"column":44},"end":{"line":28,"column":59}},"type":"cond-expr","locations":[{"start":{"line":28,"column":55},"end":{"line":28,"column":59}},{"start":{"line":28,"column":55},"end":{"line":28,"column":59}}]},"5":{"loc":{"start":{"line":28,"column":44},"end":{"line":28,"column":55}},"type":"binary-expr","locations":[{"start":{"line":28,"column":44},"end":{"line":28,"column":59}},{"start":{"line":28,"column":44},"end":{"line":28,"column":55}}]}},"s":{"0":0,"1":0,"2":0,"3":0,"4":0,"5":0,"6":0,"7":0,"8":0,"9":0,"10":0,"11":0,"12":0,"13":0,"14":0,"15":0,"16":0,"17":0,"18":0,"19":0,"20":0,"21":0,"22":0,"23":0,"24":0,"25":0},"f":{"0":0,"1":0,"2":0,"3":0,"4":0,"5":0,"6":0},"b":{"0":[0,0],"1":[0,0],"2":[0,0],"3":[0,0],"4":[0,0],"5":[0,0]}}
,"D:\\Documentos\\GitHub\\ms-users\\src\\auth\\auth.guard.ts": {"path":"D:\\Documentos\\GitHub\\ms-users\\src\\auth\\auth.guard.ts","statementMap":{"0":{"start":{"line":1,"column":0},"end":{"line":1,"column":null}},"1":{"start":{"line":7,"column":0},"end":{"line":7,"column":47}},"2":{"start":{"line":8,"column":0},"end":{"line":8,"column":41}},"3":{"start":{"line":12,"column":7},"end":{"line":39,"column":null}},"4":{"start":{"line":13,"column":22},"end":{"line":13,"column":34}},"5":{"start":{"line":13,"column":54},"end":{"line":13,"column":69}},"6":{"start":{"line":16,"column":20},"end":{"line":16,"column":55}},"7":{"start":{"line":17,"column":18},"end":{"line":17,"column":54}},"8":{"start":{"line":18,"column":4},"end":{"line":20,"column":5}},"9":{"start":{"line":19,"column":6},"end":{"line":19,"column":40}},"10":{"start":{"line":21,"column":4},"end":{"line":31,"column":5}},"11":{"start":{"line":22,"column":22},"end":{"line":26,"column":null}},"12":{"start":{"line":28,"column":6},"end":{"line":28,"column":32}},"13":{"start":{"line":30,"column":6},"end":{"line":30,"column":40}},"14":{"start":{"line":32,"column":4},"end":{"line":32,"column":16}},"15":{"start":{"line":36,"column":26},"end":{"line":36,"column":73}},"16":{"start":{"line":37,"column":4},"end":{"line":37,"column":49}},"17":{"start":{"line":12,"column":13},"end":{"line":12,"column":22}},"18":{"start":{"line":12,"column":13},"end":{"line":39,"column":null}}},"fnMap":{"0":{"name":"(anonymous_2)","decl":{"start":{"line":13,"column":2},"end":{"line":13,"column":22}},"loc":{"start":{"line":13,"column":82},"end":{"line":13,"column":88}}},"1":{"name":"(anonymous_3)","decl":{"start":{"line":15,"column":2},"end":{"line":15,"column":7}},"loc":{"start":{"line":15,"column":45},"end":{"line":33,"column":3}}},"2":{"name":"(anonymous_4)","decl":{"start":{"line":35,"column":10},"end":{"line":35,"column":32}},"loc":{"start":{"line":35,"column":49},"end":{"line":38,"column":3}}}},"branchMap":{"0":{"loc":{"start":{"line":18,"column":4},"end":{"line":20,"column":5}},"type":"if","locations":[{"start":{"line":18,"column":4},"end":{"line":20,"column":5}},{"start":{},"end":{}}]},"1":{"loc":{"start":{"line":36,"column":26},"end":{"line":36,"column":73}},"type":"binary-expr","locations":[{"start":{"line":36,"column":26},"end":{"line":36,"column":67}},{"start":{"line":36,"column":71},"end":{"line":36,"column":73}}]},"2":{"loc":{"start":{"line":37,"column":11},"end":{"line":37,"column":48}},"type":"cond-expr","locations":[{"start":{"line":37,"column":31},"end":{"line":37,"column":36}},{"start":{"line":37,"column":39},"end":{"line":37,"column":48}}]},"3":{"loc":{"start":{"line":13,"column":34},"end":{"line":13,"column":54}},"type":"cond-expr","locations":[{"start":{"line":13,"column":44},"end":{"line":13,"column":54}},{"start":{"line":13,"column":44},"end":{"line":13,"column":54}}]},"4":{"loc":{"start":{"line":13,"column":34},"end":{"line":13,"column":44}},"type":"binary-expr","locations":[{"start":{"line":13,"column":34},"end":{"line":13,"column":54}},{"start":{"line":13,"column":34},"end":{"line":13,"column":44}}]},"5":{"loc":{"start":{"line":13,"column":44},"end":{"line":13,"column":87}},"type":"cond-expr","locations":[{"start":{"line":13,"column":82},"end":{"line":13,"column":87}},{"start":{"line":13,"column":82},"end":{"line":13,"column":87}}]},"6":{"loc":{"start":{"line":13,"column":44},"end":{"line":13,"column":82}},"type":"binary-expr","locations":[{"start":{"line":13,"column":44},"end":{"line":13,"column":87}},{"start":{"line":13,"column":69},"end":{"line":13,"column":82}}]}},"s":{"0":0,"1":0,"2":0,"3":0,"4":0,"5":0,"6":0,"7":0,"8":0,"9":0,"10":0,"11":0,"12":0,"13":0,"14":0,"15":0,"16":0,"17":0,"18":0},"f":{"0":0,"1":0,"2":0},"b":{"0":[0,0],"1":[0,0],"2":[0,0],"3":[0,0],"4":[0,0],"5":[0,0],"6":[0,0]}}
,"D:\\Documentos\\GitHub\\ms-users\\src\\auth\\auth.module.ts": {"path":"D:\\Documentos\\GitHub\\ms-users\\src\\auth\\auth.module.ts","statementMap":{"0":{"start":{"line":1,"column":0},"end":{"line":1,"column":40}},"1":{"start":{"line":2,"column":0},"end":{"line":2,"column":40}},"2":{"start":{"line":3,"column":0},"end":{"line":3,"column":50}},"3":{"start":{"line":4,"column":0},"end":{"line":4,"column":46}},"4":{"start":{"line":5,"column":0},"end":{"line":5,"column":45}},"5":{"start":{"line":6,"column":0},"end":{"line":6,"column":51}},"6":{"start":{"line":7,"column":0},"end":{"line":7,"column":73}},"7":{"start":{"line":8,"column":0},"end":{"line":8,"column":75}},"8":{"start":{"line":9,"column":0},"end":{"line":9,"column":55}},"9":{"start":{"line":10,"column":0},"end":{"line":10,"column":52}},"10":{"start":{"line":28,"column":7},"end":{"line":28,"column":null}},"11":{"start":{"line":28,"column":13},"end":{"line":28,"column":23}},"12":{"start":{"line":28,"column":13},"end":{"line":28,"column":null}}},"fnMap":{},"branchMap":{},"s":{"0":0,"1":0,"2":0,"3":0,"4":0,"5":0,"6":0,"7":0,"8":0,"9":0,"10":0,"11":0,"12":0},"f":{},"b":{}}
,"D:\\Documentos\\GitHub\\ms-users\\src\\auth\\auth.service.ts": {"path":"D:\\Documentos\\GitHub\\ms-users\\src\\auth\\auth.service.ts","statementMap":{"0":{"start":{"line":1,"column":0},"end":{"line":1,"column":90}},"1":{"start":{"line":4,"column":0},"end":{"line":4,"column":49}},"2":{"start":{"line":5,"column":0},"end":{"line":5,"column":55}},"3":{"start":{"line":6,"column":0},"end":{"line":6,"column":57}},"4":{"start":{"line":7,"column":0},"end":{"line":7,"column":33}},"5":{"start":{"line":8,"column":0},"end":{"line":8,"column":41}},"6":{"start":{"line":9,"column":0},"end":{"line":9,"column":47}},"7":{"start":{"line":10,"column":0},"end":{"line":10,"column":36}},"8":{"start":{"line":11,"column":0},"end":{"line":11,"column":66}},"9":{"start":{"line":14,"column":24},"end":{"line":250,"column":null}},"10":{"start":{"line":18,"column":21},"end":{"line":18,"column":33}},"11":{"start":{"line":19,"column":21},"end":{"line":19,"column":34}},"12":{"start":{"line":20,"column":12},"end":{"line":20,"column":24}},"13":{"start":{"line":21,"column":12},"end":{"line":21,"column":27}},"14":{"start":{"line":22,"column":12},"end":{"line":22,"column":29}},"15":{"start":{"line":24,"column":4},"end":{"line":24,"column":47}},"16":{"start":{"line":28,"column":23},"end":{"line":28,"column":25}},"17":{"start":{"line":29,"column":4},"end":{"line":29,"column":46}},"18":{"start":{"line":33,"column":4},"end":{"line":33,"column":47}},"19":{"start":{"line":37,"column":4},"end":{"line":47,"column":5}},"20":{"start":{"line":38,"column":32},"end":{"line":42,"column":8}},"21":{"start":{"line":43,"column":6},"end":{"line":43,"column":18}},"22":{"start":{"line":45,"column":6},"end":{"line":45,"column":46}},"23":{"start":{"line":46,"column":6},"end":{"line":46,"column":57}},"24":{"start":{"line":51,"column":25},"end":{"line":51,"column":76}},"25":{"start":{"line":52,"column":26},"end":{"line":52,"column":78}},"26":{"start":{"line":54,"column":4},"end":{"line":56,"column":5}},"27":{"start":{"line":55,"column":6},"end":{"line":55,"column":56}},"28":{"start":{"line":58,"column":40},"end":{"line":70,"column":6}},"29":{"start":{"line":72,"column":4},"end":{"line":72,"column":41}},"30":{"start":{"line":76,"column":24},"end":{"line":76,"column":59}},"31":{"start":{"line":77,"column":22},"end":{"line":77,"column":32}},"32":{"start":{"line":78,"column":4},"end":{"line":78,"column":47}},"33":{"start":{"line":80,"column":4},"end":{"line":89,"column":7}},"34":{"start":{"line":91,"column":4},"end":{"line":98,"column":7}},"35":{"start":{"line":102,"column":19},"end":{"line":114,"column":6}},"36":{"start":{"line":116,"column":4},"end":{"line":121,"column":5}},"37":{"start":{"line":117,"column":22},"end":{"line":117,"column":82}},"38":{"start":{"line":118,"column":6},"end":{"line":120,"column":7}},"39":{"start":{"line":119,"column":8},"end":{"line":119,"column":20}},"40":{"start":{"line":123,"column":4},"end":{"line":123,"column":17}},"41":{"start":{"line":127,"column":19},"end":{"line":133,"column":6}},"42":{"start":{"line":135,"column":4},"end":{"line":144,"column":5}},"43":{"start":{"line":136,"column":22},"end":{"line":136,"column":82}},"44":{"start":{"line":137,"column":6},"end":{"line":143,"column":7}},"45":{"start":{"line":138,"column":8},"end":{"line":141,"column":11}},"46":{"start":{"line":142,"column":8},"end":{"line":142,"column":14}},"47":{"start":{"line":148,"column":4},"end":{"line":163,"column":5}},"48":{"start":{"line":149,"column":19},"end":{"line":157,"column":8}},"49":{"start":{"line":158,"column":6},"end":{"line":158,"column":67}},"50":{"start":{"line":159,"column":6},"end":{"line":159,"column":18}},"51":{"start":{"line":161,"column":6},"end":{"line":161,"column":31}},"52":{"start":{"line":162,"column":6},"end":{"line":162,"column":62}},"53":{"start":{"line":167,"column":4},"end":{"line":189,"column":5}},"54":{"start":{"line":168,"column":19},"end":{"line":168,"column":53}},"55":{"start":{"line":169,"column":6},"end":{"line":169,"column":58}},"56":{"start":{"line":169,"column":24},"end":{"line":169,"column":58}},"57":{"start":{"line":171,"column":19},"end":{"line":171,"column":76}},"58":{"start":{"line":172,"column":6},"end":{"line":172,"column":51}},"59":{"start":{"line":172,"column":17},"end":{"line":172,"column":51}},"60":{"start":{"line":174,"column":25},"end":{"line":174,"column":84}},"61":{"start":{"line":175,"column":21},"end":{"line":175,"column":58}},"62":{"start":{"line":177,"column":6},"end":{"line":177,"column":64}},"63":{"start":{"line":179,"column":6},"end":{"line":182,"column":9}},"64":{"start":{"line":185,"column":6},"end":{"line":185,"column":20}},"65":{"start":{"line":187,"column":6},"end":{"line":187,"column":31}},"66":{"start":{"line":188,"column":6},"end":{"line":188,"column":53}},"67":{"start":{"line":193,"column":4},"end":{"line":219,"column":5}},"68":{"start":{"line":194,"column":19},"end":{"line":196,"column":8}},"69":{"start":{"line":198,"column":6},"end":{"line":200,"column":7}},"70":{"start":{"line":199,"column":8},"end":{"line":199,"column":57}},"71":{"start":{"line":202,"column":27},"end":{"line":202,"column":80}},"72":{"start":{"line":204,"column":6},"end":{"line":206,"column":7}},"73":{"start":{"line":205,"column":8},"end":{"line":205,"column":65}},"74":{"start":{"line":208,"column":6},"end":{"line":208,"column":58}},"75":{"start":{"line":210,"column":25},"end":{"line":210,"column":84}},"76":{"start":{"line":211,"column":21},"end":{"line":211,"column":58}},"77":{"start":{"line":213,"column":6},"end":{"line":213,"column":64}},"78":{"start":{"line":215,"column":6},"end":{"line":215,"column":20}},"79":{"start":{"line":217,"column":6},"end":{"line":217,"column":31}},"80":{"start":{"line":218,"column":6},"end":{"line":218,"column":63}},"81":{"start":{"line":223,"column":4},"end":{"line":232,"column":7}},"82":{"start":{"line":234,"column":4},"end":{"line":234,"column":50}},"83":{"start":{"line":238,"column":4},"end":{"line":246,"column":7}},"84":{"start":{"line":248,"column":4},"end":{"line":248,"column":67}},"85":{"start":{"line":14,"column":13},"end":{"line":14,"column":24}},"86":{"start":{"line":14,"column":13},"end":{"line":250,"column":null}}},"fnMap":{"0":{"name":"(anonymous_11)","decl":{"start":{"line":17,"column":2},"end":{"line":17,"column":null}},"loc":{"start":{"line":22,"column":44},"end":{"line":25,"column":3}}},"1":{"name":"(anonymous_12)","decl":{"start":{"line":27,"column":10},"end":{"line":27,"column":15}},"loc":{"start":{"line":27,"column":38},"end":{"line":30,"column":3}}},"2":{"name":"(anonymous_13)","decl":{"start":{"line":32,"column":10},"end":{"line":32,"column":15}},"loc":{"start":{"line":32,"column":62},"end":{"line":34,"column":3}}},"3":{"name":"(anonymous_14)","decl":{"start":{"line":36,"column":10},"end":{"line":36,"column":15}},"loc":{"start":{"line":36,"column":41},"end":{"line":48,"column":3}}},"4":{"name":"(anonymous_15)","decl":{"start":{"line":50,"column":10},"end":{"line":50,"column":15}},"loc":{"start":{"line":50,"column":97},"end":{"line":73,"column":3}}},"5":{"name":"(anonymous_16)","decl":{"start":{"line":75,"column":10},"end":{"line":75,"column":15}},"loc":{"start":{"line":75,"column":69},"end":{"line":99,"column":3}}},"6":{"name":"(anonymous_17)","decl":{"start":{"line":101,"column":10},"end":{"line":101,"column":15}},"loc":{"start":{"line":101,"column":73},"end":{"line":124,"column":3}}},"7":{"name":"(anonymous_18)","decl":{"start":{"line":126,"column":10},"end":{"line":126,"column":15}},"loc":{"start":{"line":126,"column":71},"end":{"line":145,"column":3}}},"8":{"name":"(anonymous_19)","decl":{"start":{"line":147,"column":2},"end":{"line":147,"column":7}},"loc":{"start":{"line":147,"column":34},"end":{"line":164,"column":3}}},"9":{"name":"(anonymous_20)","decl":{"start":{"line":166,"column":2},"end":{"line":166,"column":7}},"loc":{"start":{"line":166,"column":29},"end":{"line":190,"column":3}}},"10":{"name":"(anonymous_21)","decl":{"start":{"line":192,"column":2},"end":{"line":192,"column":7}},"loc":{"start":{"line":192,"column":58},"end":{"line":220,"column":3}}},"11":{"name":"(anonymous_22)","decl":{"start":{"line":222,"column":2},"end":{"line":222,"column":7}},"loc":{"start":{"line":222,"column":29},"end":{"line":235,"column":3}}},"12":{"name":"(anonymous_23)","decl":{"start":{"line":237,"column":2},"end":{"line":237,"column":7}},"loc":{"start":{"line":237,"column":32},"end":{"line":249,"column":3}}}},"branchMap":{"0":{"loc":{"start":{"line":54,"column":4},"end":{"line":56,"column":5}},"type":"if","locations":[{"start":{"line":54,"column":4},"end":{"line":56,"column":5}},{"start":{},"end":{}}]},"1":{"loc":{"start":{"line":54,"column":8},"end":{"line":54,"column":39}},"type":"binary-expr","locations":[{"start":{"line":54,"column":8},"end":{"line":54,"column":21}},{"start":{"line":54,"column":25},"end":{"line":54,"column":39}}]},"2":{"loc":{"start":{"line":118,"column":6},"end":{"line":120,"column":7}},"type":"if","locations":[{"start":{"line":118,"column":6},"end":{"line":120,"column":7}},{"start":{},"end":{}}]},"3":{"loc":{"start":{"line":137,"column":6},"end":{"line":143,"column":7}},"type":"if","locations":[{"start":{"line":137,"column":6},"end":{"line":143,"column":7}},{"start":{},"end":{}}]},"4":{"loc":{"start":{"line":169,"column":6},"end":{"line":169,"column":58}},"type":"if","locations":[{"start":{"line":169,"column":6},"end":{"line":169,"column":58}},{"start":{},"end":{}}]},"5":{"loc":{"start":{"line":172,"column":6},"end":{"line":172,"column":51}},"type":"if","locations":[{"start":{"line":172,"column":6},"end":{"line":172,"column":51}},{"start":{},"end":{}}]},"6":{"loc":{"start":{"line":198,"column":6},"end":{"line":200,"column":7}},"type":"if","locations":[{"start":{"line":198,"column":6},"end":{"line":200,"column":7}},{"start":{},"end":{}}]},"7":{"loc":{"start":{"line":198,"column":10},"end":{"line":198,"column":33}},"type":"binary-expr","locations":[{"start":{"line":198,"column":10},"end":{"line":198,"column":15}},{"start":{"line":198,"column":19},"end":{"line":198,"column":33}}]},"8":{"loc":{"start":{"line":204,"column":6},"end":{"line":206,"column":7}},"type":"if","locations":[{"start":{"line":204,"column":6},"end":{"line":206,"column":7}},{"start":{},"end":{}}]},"9":{"loc":{"start":{"line":18,"column":33},"end":{"line":18,"column":null}},"type":"cond-expr","locations":[{"start":{"line":18,"column":46},"end":{"line":18,"column":null}},{"start":{"line":18,"column":46},"end":{"line":18,"column":null}}]},"10":{"loc":{"start":{"line":18,"column":33},"end":{"line":18,"column":46}},"type":"binary-expr","locations":[{"start":{"line":18,"column":33},"end":{"line":18,"column":null}},{"start":{"line":18,"column":33},"end":{"line":18,"column":46}}]},"11":{"loc":{"start":{"line":18,"column":46},"end":{"line":19,"column":null}},"type":"cond-expr","locations":[{"start":{"line":19,"column":46},"end":{"line":19,"column":null}},{"start":{"line":19,"column":46},"end":{"line":19,"column":null}}]},"12":{"loc":{"start":{"line":18,"column":46},"end":{"line":19,"column":46}},"type":"binary-expr","locations":[{"start":{"line":18,"column":46},"end":{"line":19,"column":null}},{"start":{"line":19,"column":34},"end":{"line":19,"column":46}}]},"13":{"loc":{"start":{"line":19,"column":46},"end":{"line":20,"column":null}},"type":"cond-expr","locations":[{"start":{"line":20,"column":34},"end":{"line":20,"column":null}},{"start":{"line":20,"column":34},"end":{"line":20,"column":null}}]},"14":{"loc":{"start":{"line":19,"column":46},"end":{"line":20,"column":34}},"type":"binary-expr","locations":[{"start":{"line":19,"column":46},"end":{"line":20,"column":null}},{"start":{"line":20,"column":24},"end":{"line":20,"column":34}}]},"15":{"loc":{"start":{"line":20,"column":34},"end":{"line":21,"column":null}},"type":"cond-expr","locations":[{"start":{"line":21,"column":40},"end":{"line":21,"column":null}},{"start":{"line":21,"column":40},"end":{"line":21,"column":null}}]},"16":{"loc":{"start":{"line":20,"column":34},"end":{"line":21,"column":40}},"type":"binary-expr","locations":[{"start":{"line":20,"column":34},"end":{"line":21,"column":null}},{"start":{"line":21,"column":27},"end":{"line":21,"column":40}}]},"17":{"loc":{"start":{"line":21,"column":40},"end":{"line":22,"column":null}},"type":"cond-expr","locations":[{"start":{"line":22,"column":44},"end":{"line":22,"column":null}},{"start":{"line":22,"column":44},"end":{"line":22,"column":null}}]},"18":{"loc":{"start":{"line":21,"column":40},"end":{"line":22,"column":44}},"type":"binary-expr","locations":[{"start":{"line":21,"column":40},"end":{"line":22,"column":null}},{"start":{"line":22,"column":29},"end":{"line":22,"column":44}}]}},"s":{"0":0,"1":0,"2":0,"3":0,"4":0,"5":0,"6":0,"7":0,"8":0,"9":0,"10":0,"11":0,"12":0,"13":0,"14":0,"15":0,"16":0,"17":0,"18":0,"19":0,"20":0,"21":0,"22":0,"23":0,"24":0,"25":0,"26":0,"27":0,"28":0,"29":0,"30":0,"31":0,"32":0,"33":0,"34":0,"35":0,"36":0,"37":0,"38":0,"39":0,"40":0,"41":0,"42":0,"43":0,"44":0,"45":0,"46":0,"47":0,"48":0,"49":0,"50":0,"51":0,"52":0,"53":0,"54":0,"55":0,"56":0,"57":0,"58":0,"59":0,"60":0,"61":0,"62":0,"63":0,"64":0,"65":0,"66":0,"67":0,"68":0,"69":0,"70":0,"71":0,"72":0,"73":0,"74":0,"75":0,"76":0,"77":0,"78":0,"79":0,"80":0,"81":0,"82":0,"83":0,"84":0,"85":0,"86":0},"f":{"0":0,"1":0,"2":0,"3":0,"4":0,"5":0,"6":0,"7":0,"8":0,"9":0,"10":0,"11":0,"12":0},"b":{"0":[0,0],"1":[0,0],"2":[0,0],"3":[0,0],"4":[0,0],"5":[0,0],"6":[0,0],"7":[0,0],"8":[0,0],"9":[0,0],"10":[0,0],"11":[0,0],"12":[0,0],"13":[0,0],"14":[0,0],"15":[0,0],"16":[0,0],"17":[0,0],"18":[0,0]}}
,"D:\\Documentos\\GitHub\\ms-users\\src\\auth\\constants.ts": {"path":"D:\\Documentos\\GitHub\\ms-users\\src\\auth\\constants.ts","statementMap":{"0":{"start":{"line":2,"column":13},"end":{"line":4,"column":2}}},"fnMap":{},"branchMap":{},"s":{"0":0},"f":{},"b":{}}
,"D:\\Documentos\\GitHub\\ms-users\\src\\auth\\decorators\\current-user.decorator.ts": {"path":"D:\\Documentos\\GitHub\\ms-users\\src\\auth\\decorators\\current-user.decorator.ts","statementMap":{"0":{"start":{"line":1,"column":0},"end":{"line":1,"column":72}},"1":{"start":{"line":3,"column":13},"end":{"line":17,"column":2}},"2":{"start":{"line":5,"column":20},"end":{"line":5,"column":51}},"3":{"start":{"line":7,"column":4},"end":{"line":9,"column":5}},"4":{"start":{"line":8,"column":6},"end":{"line":8,"column":18}},"5":{"start":{"line":11,"column":4},"end":{"line":13,"column":5}},"6":{"start":{"line":12,"column":6},"end":{"line":12,"column":32}},"7":{"start":{"line":15,"column":4},"end":{"line":15,"column":24}}},"fnMap":{"0":{"name":"(anonymous_0)","decl":{"start":{"line":4,"column":2},"end":{"line":4,"column":3}},"loc":{"start":{"line":4,"column":54},"end":{"line":16,"column":3}}}},"branchMap":{"0":{"loc":{"start":{"line":7,"column":4},"end":{"line":9,"column":5}},"type":"if","locations":[{"start":{"line":7,"column":4},"end":{"line":9,"column":5}},{"start":{},"end":{}}]},"1":{"loc":{"start":{"line":11,"column":4},"end":{"line":13,"column":5}},"type":"if","locations":[{"start":{"line":11,"column":4},"end":{"line":13,"column":5}},{"start":{},"end":{}}]}},"s":{"0":0,"1":0,"2":0,"3":0,"4":0,"5":0,"6":0,"7":0},"f":{"0":0},"b":{"0":[0,0],"1":[0,0]}}
,"D:\\Documentos\\GitHub\\ms-users\\src\\auth\\decorators\\index.ts": {"path":"D:\\Documentos\\GitHub\\ms-users\\src\\auth\\decorators\\index.ts","statementMap":{"0":{"start":{"line":1,"column":0},"end":{"line":1,"column":41}},"1":{"start":{"line":2,"column":0},"end":{"line":2,"column":34}},"2":{"start":{"line":3,"column":0},"end":{"line":3,"column":35}}},"fnMap":{},"branchMap":{},"s":{"0":0,"1":0,"2":0},"f":{},"b":{}}
,"D:\\Documentos\\GitHub\\ms-users\\src\\auth\\decorators\\public.decorator.ts": {"path":"D:\\Documentos\\GitHub\\ms-users\\src\\auth\\decorators\\public.decorator.ts","statementMap":{"0":{"start":{"line":1,"column":0},"end":{"line":1,"column":45}},"1":{"start":{"line":3,"column":13},"end":{"line":3,"column":40}},"2":{"start":{"line":4,"column":22},"end":{"line":4,"column":60}},"3":{"start":{"line":4,"column":28},"end":{"line":4,"column":60}},"4":{"start":{"line":4,"column":13},"end":{"line":4,"column":22}}},"fnMap":{"0":{"name":"(anonymous_0)","decl":{"start":{"line":4,"column":22},"end":{"line":4,"column":25}},"loc":{"start":{"line":4,"column":28},"end":{"line":4,"column":60}}}},"branchMap":{},"s":{"0":0,"1":0,"2":0,"3":0,"4":0},"f":{"0":0},"b":{}}
,"D:\\Documentos\\GitHub\\ms-users\\src\\auth\\decorators\\roles.decorator.ts": {"path":"D:\\Documentos\\GitHub\\ms-users\\src\\auth\\decorators\\roles.decorator.ts","statementMap":{"0":{"start":{"line":1,"column":0},"end":{"line":1,"column":45}},"1":{"start":{"line":3,"column":13},"end":{"line":3,"column":33}},"2":{"start":{"line":4,"column":21},"end":{"line":4,"column":74}},"3":{"start":{"line":4,"column":45},"end":{"line":4,"column":74}},"4":{"start":{"line":4,"column":13},"end":{"line":4,"column":21}},"5":{"start":{"line":7,"column":13},"end":{"line":11,"column":11}}},"fnMap":{"0":{"name":"(anonymous_0)","decl":{"start":{"line":4,"column":21},"end":{"line":4,"column":22}},"loc":{"start":{"line":4,"column":45},"end":{"line":4,"column":74}}}},"branchMap":{},"s":{"0":0,"1":0,"2":0,"3":0,"4":0,"5":0},"f":{"0":0},"b":{}}
,"D:\\Documentos\\GitHub\\ms-users\\src\\auth\\dto\\login.dto.ts": {"path":"D:\\Documentos\\GitHub\\ms-users\\src\\auth\\dto\\login.dto.ts","statementMap":{"0":{"start":{"line":1,"column":0},"end":{"line":1,"column":54}},"1":{"start":{"line":2,"column":0},"end":{"line":2,"column":45}},"2":{"start":{"line":4,"column":0},"end":{"line":4,"column":13}},"3":{"start":{"line":8,"column":2},"end":{"line":8,"column":null}},"4":{"start":{"line":12,"column":2},"end":{"line":12,"column":null}}},"fnMap":{},"branchMap":{},"s":{"0":0,"1":0,"2":0,"3":0,"4":0},"f":{},"b":{}}
,"D:\\Documentos\\GitHub\\ms-users\\src\\auth\\dto\\refresh-token.dto.ts": {"path":"D:\\Documentos\\GitHub\\ms-users\\src\\auth\\dto\\refresh-token.dto.ts","statementMap":{"0":{"start":{"line":1,"column":0},"end":{"line":1,"column":46}},"1":{"start":{"line":2,"column":0},"end":{"line":2,"column":55}},"2":{"start":{"line":4,"column":0},"end":{"line":4,"column":13}},"3":{"start":{"line":11,"column":2},"end":{"line":11,"column":null}}},"fnMap":{},"branchMap":{},"s":{"0":0,"1":0,"2":0,"3":0},"f":{},"b":{}}
,"D:\\Documentos\\GitHub\\ms-users\\src\\auth\\dto\\register.dto.ts": {"path":"D:\\Documentos\\GitHub\\ms-users\\src\\auth\\dto\\register.dto.ts","statementMap":{"0":{"start":{"line":1,"column":0},"end":{"line":1,"column":46}},"1":{"start":{"line":2,"column":0},"end":{"line":2,"column":99}},"2":{"start":{"line":3,"column":0},"end":{"line":3,"column":61}},"3":{"start":{"line":5,"column":0},"end":{"line":5,"column":13}},"4":{"start":{"line":10,"column":2},"end":{"line":10,"column":null}},"5":{"start":{"line":15,"column":2},"end":{"line":15,"column":null}},"6":{"start":{"line":20,"column":2},"end":{"line":20,"column":null}}},"fnMap":{},"branchMap":{},"s":{"0":0,"1":0,"2":0,"3":0,"4":0,"5":0,"6":0},"f":{},"b":{}}
,"D:\\Documentos\\GitHub\\ms-users\\src\\auth\\guards\\access-token.guard.ts": {"path":"D:\\Documentos\\GitHub\\ms-users\\src\\auth\\guards\\access-token.guard.ts","statementMap":{"0":{"start":{"line":1,"column":0},"end":{"line":1,"column":44}},"1":{"start":{"line":2,"column":0},"end":{"line":2,"column":45}},"2":{"start":{"line":5,"column":7},"end":{"line":5,"column":null}},"3":{"start":{"line":5,"column":13},"end":{"line":5,"column":29}},"4":{"start":{"line":5,"column":13},"end":{"line":5,"column":null}}},"fnMap":{},"branchMap":{},"s":{"0":0,"1":0,"2":0,"3":0,"4":0},"f":{},"b":{}}
,"D:\\Documentos\\GitHub\\ms-users\\src\\auth\\guards\\enterprise-permission.guard.ts": {"path":"D:\\Documentos\\GitHub\\ms-users\\src\\auth\\guards\\enterprise-permission.guard.ts","statementMap":{"0":{"start":{"line":1,"column":0},"end":{"line":1,"column":null}},"1":{"start":{"line":7,"column":0},"end":{"line":7,"column":41}},"2":{"start":{"line":8,"column":0},"end":{"line":8,"column":104}},"3":{"start":{"line":11,"column":13},"end":{"line":11,"column":43}},"4":{"start":{"line":18,"column":0},"end":{"line":18,"column":45}},"5":{"start":{"line":20,"column":33},"end":{"line":21,"column":51}},"6":{"start":{"line":21,"column":2},"end":{"line":21,"column":51}},"7":{"start":{"line":20,"column":13},"end":{"line":20,"column":33}},"8":{"start":{"line":24,"column":7},"end":{"line":61,"column":null}},"9":{"start":{"line":26,"column":12},"end":{"line":26,"column":23}},"10":{"start":{"line":27,"column":12},"end":{"line":27,"column":41}},"11":{"start":{"line":31,"column":24},"end":{"line":33,"column":null}},"12":{"start":{"line":36,"column":4},"end":{"line":38,"column":5}},"13":{"start":{"line":37,"column":6},"end":{"line":37,"column":18}},"14":{"start":{"line":40,"column":20},"end":{"line":40,"column":55}},"15":{"start":{"line":41,"column":17},"end":{"line":41,"column":29}},"16":{"start":{"line":43,"column":4},"end":{"line":45,"column":5}},"17":{"start":{"line":44,"column":6},"end":{"line":44,"column":61}},"18":{"start":{"line":47,"column":26},"end":{"line":50,"column":null}},"19":{"start":{"line":53,"column":4},"end":{"line":57,"column":5}},"20":{"start":{"line":54,"column":6},"end":{"line":56,"column":8}},"21":{"start":{"line":59,"column":4},"end":{"line":59,"column":16}},"22":{"start":{"line":24,"column":13},"end":{"line":24,"column":38}},"23":{"start":{"line":24,"column":13},"end":{"line":61,"column":null}}},"fnMap":{"0":{"name":"(anonymous_2)","decl":{"start":{"line":20,"column":33},"end":{"line":20,"column":34}},"loc":{"start":{"line":21,"column":2},"end":{"line":21,"column":51}}},"1":{"name":"(anonymous_3)","decl":{"start":{"line":25,"column":2},"end":{"line":25,"column":null}},"loc":{"start":{"line":27,"column":68},"end":{"line":28,"column":7}}},"2":{"name":"(anonymous_4)","decl":{"start":{"line":30,"column":2},"end":{"line":30,"column":7}},"loc":{"start":{"line":30,"column":45},"end":{"line":60,"column":3}}}},"branchMap":{"0":{"loc":{"start":{"line":36,"column":4},"end":{"line":38,"column":5}},"type":"if","locations":[{"start":{"line":36,"column":4},"end":{"line":38,"column":5}},{"start":{},"end":{}}]},"1":{"loc":{"start":{"line":43,"column":4},"end":{"line":45,"column":5}},"type":"if","locations":[{"start":{"line":43,"column":4},"end":{"line":45,"column":5}},{"start":{},"end":{}}]},"2":{"loc":{"start":{"line":53,"column":4},"end":{"line":57,"column":5}},"type":"if","locations":[{"start":{"line":53,"column":4},"end":{"line":57,"column":5}},{"start":{},"end":{}}]},"3":{"loc":{"start":{"line":26,"column":23},"end":{"line":26,"column":null}},"type":"cond-expr","locations":[{"start":{"line":26,"column":32},"end":{"line":26,"column":null}},{"start":{"line":26,"column":32},"end":{"line":26,"column":null}}]},"4":{"loc":{"start":{"line":26,"column":23},"end":{"line":26,"column":32}},"type":"binary-expr","locations":[{"start":{"line":26,"column":23},"end":{"line":26,"column":null}},{"start":{"line":26,"column":23},"end":{"line":26,"column":32}}]},"5":{"loc":{"start":{"line":26,"column":32},"end":{"line":27,"column":null}},"type":"cond-expr","locations":[{"start":{"line":27,"column":68},"end":{"line":27,"column":null}},{"start":{"line":27,"column":68},"end":{"line":27,"column":null}}]},"6":{"loc":{"start":{"line":26,"column":32},"end":{"line":27,"column":68}},"type":"binary-expr","locations":[{"start":{"line":26,"column":32},"end":{"line":27,"column":null}},{"start":{"line":27,"column":41},"end":{"line":27,"column":68}}]}},"s":{"0":0,"1":0,"2":0,"3":0,"4":0,"5":0,"6":0,"7":0,"8":0,"9":0,"10":0,"11":0,"12":0,"13":0,"14":0,"15":0,"16":0,"17":0,"18":0,"19":0,"20":0,"21":0,"22":0,"23":0},"f":{"0":0,"1":0,"2":0},"b":{"0":[0,0],"1":[0,0],"2":[0,0],"3":[0,0],"4":[0,0],"5":[0,0],"6":[0,0]}}
,"D:\\Documentos\\GitHub\\ms-users\\src\\auth\\guards\\index.ts": {"path":"D:\\Documentos\\GitHub\\ms-users\\src\\auth\\guards\\index.ts","statementMap":{"0":{"start":{"line":1,"column":0},"end":{"line":1,"column":37}},"1":{"start":{"line":2,"column":0},"end":{"line":2,"column":38}},"2":{"start":{"line":3,"column":0},"end":{"line":3,"column":30}},"3":{"start":{"line":4,"column":0},"end":{"line":4,"column":30}}},"fnMap":{},"branchMap":{},"s":{"0":0,"1":0,"2":0,"3":0},"f":{},"b":{}}
,"D:\\Documentos\\GitHub\\ms-users\\src\\auth\\guards\\owner.guard.ts": {"path":"D:\\Documentos\\GitHub\\ms-users\\src\\auth\\guards\\owner.guard.ts","statementMap":{"0":{"start":{"line":1,"column":0},"end":{"line":1,"column":null}},"1":{"start":{"line":7,"column":0},"end":{"line":7,"column":60}},"2":{"start":{"line":10,"column":7},"end":{"line":35,"column":null}},"3":{"start":{"line":11,"column":22},"end":{"line":11,"column":30}},"4":{"start":{"line":14,"column":20},"end":{"line":14,"column":55}},"5":{"start":{"line":15,"column":17},"end":{"line":15,"column":29}},"6":{"start":{"line":17,"column":4},"end":{"line":19,"column":5}},"7":{"start":{"line":18,"column":6},"end":{"line":18,"column":61}},"8":{"start":{"line":21,"column":23},"end":{"line":26,"column":6}},"9":{"start":{"line":28,"column":4},"end":{"line":30,"column":5}},"10":{"start":{"line":29,"column":6},"end":{"line":29,"column":85}},"11":{"start":{"line":32,"column":4},"end":{"line":32,"column":36}},"12":{"start":{"line":33,"column":4},"end":{"line":33,"column":16}},"13":{"start":{"line":10,"column":13},"end":{"line":10,"column":23}},"14":{"start":{"line":10,"column":13},"end":{"line":35,"column":null}}},"fnMap":{"0":{"name":"(anonymous_2)","decl":{"start":{"line":11,"column":2},"end":{"line":11,"column":22}},"loc":{"start":{"line":11,"column":43},"end":{"line":11,"column":48}}},"1":{"name":"(anonymous_3)","decl":{"start":{"line":13,"column":2},"end":{"line":13,"column":7}},"loc":{"start":{"line":13,"column":45},"end":{"line":34,"column":3}}}},"branchMap":{"0":{"loc":{"start":{"line":17,"column":4},"end":{"line":19,"column":5}},"type":"if","locations":[{"start":{"line":17,"column":4},"end":{"line":19,"column":5}},{"start":{},"end":{}}]},"1":{"loc":{"start":{"line":28,"column":4},"end":{"line":30,"column":5}},"type":"if","locations":[{"start":{"line":28,"column":4},"end":{"line":30,"column":5}},{"start":{},"end":{}}]},"2":{"loc":{"start":{"line":11,"column":30},"end":{"line":11,"column":47}},"type":"cond-expr","locations":[{"start":{"line":11,"column":43},"end":{"line":11,"column":47}},{"start":{"line":11,"column":43},"end":{"line":11,"column":47}}]},"3":{"loc":{"start":{"line":11,"column":30},"end":{"line":11,"column":43}},"type":"binary-expr","locations":[{"start":{"line":11,"column":30},"end":{"line":11,"column":47}},{"start":{"line":11,"column":30},"end":{"line":11,"column":43}}]}},"s":{"0":0,"1":0,"2":0,"3":0,"4":0,"5":0,"6":0,"7":0,"8":0,"9":0,"10":0,"11":0,"12":0,"13":0,"14":0},"f":{"0":0,"1":0},"b":{"0":[0,0],"1":[0,0],"2":[0,0],"3":[0,0]}}
,"D:\\Documentos\\GitHub\\ms-users\\src\\auth\\guards\\refresh-token.guard.ts": {"path":"D:\\Documentos\\GitHub\\ms-users\\src\\auth\\guards\\refresh-token.guard.ts","statementMap":{"0":{"start":{"line":1,"column":0},"end":{"line":1,"column":44}},"1":{"start":{"line":2,"column":0},"end":{"line":2,"column":45}},"2":{"start":{"line":5,"column":7},"end":{"line":5,"column":null}},"3":{"start":{"line":5,"column":13},"end":{"line":5,"column":30}},"4":{"start":{"line":5,"column":13},"end":{"line":5,"column":null}}},"fnMap":{},"branchMap":{},"s":{"0":0,"1":0,"2":0,"3":0,"4":0},"f":{},"b":{}}
,"D:\\Documentos\\GitHub\\ms-users\\src\\auth\\guards\\roles.guard.ts": {"path":"D:\\Documentos\\GitHub\\ms-users\\src\\auth\\guards\\roles.guard.ts","statementMap":{"0":{"start":{"line":1,"column":0},"end":{"line":1,"column":null}},"1":{"start":{"line":7,"column":0},"end":{"line":7,"column":41}},"2":{"start":{"line":8,"column":0},"end":{"line":8,"column":71}},"3":{"start":{"line":9,"column":0},"end":{"line":9,"column":60}},"4":{"start":{"line":12,"column":7},"end":{"line":82,"column":null}},"5":{"start":{"line":14,"column":12},"end":{"line":14,"column":23}},"6":{"start":{"line":15,"column":12},"end":{"line":15,"column":20}},"7":{"start":{"line":19,"column":26},"end":{"line":22,"column":6}},"8":{"start":{"line":25,"column":4},"end":{"line":27,"column":5}},"9":{"start":{"line":26,"column":6},"end":{"line":26,"column":18}},"10":{"start":{"line":29,"column":20},"end":{"line":29,"column":55}},"11":{"start":{"line":30,"column":17},"end":{"line":30,"column":29}},"12":{"start":{"line":32,"column":4},"end":{"line":34,"column":5}},"13":{"start":{"line":33,"column":6},"end":{"line":33,"column":61}},"14":{"start":{"line":37,"column":23},"end":{"line":50,"column":6}},"15":{"start":{"line":52,"column":4},"end":{"line":54,"column":5}},"16":{"start":{"line":53,"column":6},"end":{"line":53,"column":70}},"17":{"start":{"line":57,"column":4},"end":{"line":57,"column":36}},"18":{"start":{"line":60,"column":4},"end":{"line":62,"column":5}},"19":{"start":{"line":61,"column":6},"end":{"line":61,"column":18}},"20":{"start":{"line":65,"column":26},"end":{"line":65,"column":84}},"21":{"start":{"line":65,"column":60},"end":{"line":65,"column":83}},"22":{"start":{"line":68,"column":4},"end":{"line":70,"column":5}},"23":{"start":{"line":69,"column":6},"end":{"line":69,"column":18}},"24":{"start":{"line":72,"column":20},"end":{"line":73,"column":null}},"25":{"start":{"line":73,"column":6},"end":{"line":73,"column":48}},"26":{"start":{"line":76,"column":4},"end":{"line":78,"column":5}},"27":{"start":{"line":77,"column":6},"end":{"line":77,"column":83}},"28":{"start":{"line":80,"column":4},"end":{"line":80,"column":16}},"29":{"start":{"line":12,"column":13},"end":{"line":12,"column":23}},"30":{"start":{"line":12,"column":13},"end":{"line":82,"column":null}}},"fnMap":{"0":{"name":"(anonymous_2)","decl":{"start":{"line":13,"column":2},"end":{"line":13,"column":null}},"loc":{"start":{"line":15,"column":33},"end":{"line":16,"column":7}}},"1":{"name":"(anonymous_3)","decl":{"start":{"line":18,"column":2},"end":{"line":18,"column":7}},"loc":{"start":{"line":18,"column":45},"end":{"line":81,"column":3}}},"2":{"name":"(anonymous_4)","decl":{"start":{"line":65,"column":52},"end":{"line":65,"column":56}},"loc":{"start":{"line":65,"column":60},"end":{"line":65,"column":83}}},"3":{"name":"(anonymous_5)","decl":{"start":{"line":72,"column":39},"end":{"line":72,"column":43}},"loc":{"start":{"line":73,"column":6},"end":{"line":73,"column":48}}}},"branchMap":{"0":{"loc":{"start":{"line":25,"column":4},"end":{"line":27,"column":5}},"type":"if","locations":[{"start":{"line":25,"column":4},"end":{"line":27,"column":5}},{"start":{},"end":{}}]},"1":{"loc":{"start":{"line":25,"column":8},"end":{"line":25,"column":52}},"type":"binary-expr","locations":[{"start":{"line":25,"column":8},"end":{"line":25,"column":22}},{"start":{"line":25,"column":26},"end":{"line":25,"column":52}}]},"2":{"loc":{"start":{"line":32,"column":4},"end":{"line":34,"column":5}},"type":"if","locations":[{"start":{"line":32,"column":4},"end":{"line":34,"column":5}},{"start":{},"end":{}}]},"3":{"loc":{"start":{"line":52,"column":4},"end":{"line":54,"column":5}},"type":"if","locations":[{"start":{"line":52,"column":4},"end":{"line":54,"column":5}},{"start":{},"end":{}}]},"4":{"loc":{"start":{"line":60,"column":4},"end":{"line":62,"column":5}},"type":"if","locations":[{"start":{"line":60,"column":4},"end":{"line":62,"column":5}},{"start":{},"end":{}}]},"5":{"loc":{"start":{"line":60,"column":8},"end":{"line":60,"column":71}},"type":"binary-expr","locations":[{"start":{"line":60,"column":8},"end":{"line":60,"column":26}},{"start":{"line":60,"column":30},"end":{"line":60,"column":71}}]},"6":{"loc":{"start":{"line":68,"column":4},"end":{"line":70,"column":5}},"type":"if","locations":[{"start":{"line":68,"column":4},"end":{"line":70,"column":5}},{"start":{},"end":{}}]},"7":{"loc":{"start":{"line":76,"column":4},"end":{"line":78,"column":5}},"type":"if","locations":[{"start":{"line":76,"column":4},"end":{"line":78,"column":5}},{"start":{},"end":{}}]},"8":{"loc":{"start":{"line":14,"column":23},"end":{"line":14,"column":null}},"type":"cond-expr","locations":[{"start":{"line":14,"column":32},"end":{"line":14,"column":null}},{"start":{"line":14,"column":32},"end":{"line":14,"column":null}}]},"9":{"loc":{"start":{"line":14,"column":23},"end":{"line":14,"column":32}},"type":"binary-expr","locations":[{"start":{"line":14,"column":23},"end":{"line":14,"column":null}},{"start":{"line":14,"column":23},"end":{"line":14,"column":32}}]},"10":{"loc":{"start":{"line":14,"column":32},"end":{"line":15,"column":null}},"type":"cond-expr","locations":[{"start":{"line":15,"column":33},"end":{"line":15,"column":null}},{"start":{"line":15,"column":33},"end":{"line":15,"column":null}}]},"11":{"loc":{"start":{"line":14,"column":32},"end":{"line":15,"column":33}},"type":"binary-expr","locations":[{"start":{"line":14,"column":32},"end":{"line":15,"column":null}},{"start":{"line":15,"column":20},"end":{"line":15,"column":33}}]}},"s":{"0":0,"1":0,"2":0,"3":0,"4":0,"5":0,"6":0,"7":0,"8":0,"9":0,"10":0,"11":0,"12":0,"13":0,"14":0,"15":0,"16":0,"17":0,"18":0,"19":0,"20":0,"21":0,"22":0,"23":0,"24":0,"25":0,"26":0,"27":0,"28":0,"29":0,"30":0},"f":{"0":0,"1":0,"2":0,"3":0},"b":{"0":[0,0],"1":[0,0],"2":[0,0],"3":[0,0],"4":[0,0],"5":[0,0],"6":[0,0],"7":[0,0],"8":[0,0],"9":[0,0],"10":[0,0],"11":[0,0]}}
[...]
,"D:\\Documentos\\GitHub\\ms-users\\src\\user-relationship\\dto\\handle-relationship.dto.ts": {"path":"D:\\Documentos\\GitHub\\ms-users\\src\\user-relationship\\dto\\handle-relationship.dto.ts","statementMap":{"0":{"start":{"line":1,"column":0},"end":{"line":1,"column":46}},"1":{"start":{"line":2,"column":0},"end":{"line":2,"column":63}},"2":{"start":{"line":4,"column":0},"end":{"line":4,"column":null}},"3":{"start":{"line":5,"column":2},"end":{"line":5,"column":null}},"4":{"start":{"line":6,"column":2},"end":{"line":6,"column":null}},"5":{"start":{"line":7,"column":2},"end":{"line":7,"column":null}},"6":{"start":{"line":10,"column":0},"end":{"line":10,"column":13}},"7":{"start":{"line":17,"column":2},"end":{"line":17,"column":null}},"8":{"start":{"line":26,"column":2},"end":{"line":26,"column":null}}},"fnMap":{"0":{"name":"(anonymous_2)","decl":{"start":{"line":4,"column":0},"end":{"line":4,"column":12}},"loc":{"start":{"line":4,"column":30},"end":{"line":8,"column":1}}}},"branchMap":{"0":{"loc":{"start":{"line":4,"column":12},"end":{"line":4,"column":null}},"type":"binary-expr","locations":[{"start":{"line":4,"column":12},"end":{"line":4,"column":30}},{"start":{"line":4,"column":30},"end":{"line":4,"column":null}}]}},"s":{"0":0,"1":0,"2":0,"3":0,"4":0,"5":0,"6":0,"7":0,"8":0},"f":{"0":0},"b":{"0":[0,0]}}
,"D:\\Documentos\\GitHub\\ms-users\\src\\user-relationship\\dto\\index.ts": {"path":"D:\\Documentos\\GitHub\\ms-users\\src\\user-relationship\\dto\\index.ts","statementMap":{"0":{"start":{"line":1,"column":0},"end":{"line":1,"column":9}},"1":{"start":{"line":1,"column":9},"end":{"line":1,"column":66}},"2":{"start":{"line":2,"column":0},"end":{"line":2,"column":9}},"3":{"start":{"line":2,"column":9},"end":{"line":2,"column":66}},"4":{"start":{"line":3,"column":0},"end":{"line":3,"column":9}},"5":{"start":{"line":3,"column":9},"end":{"line":3,"column":32}},"6":{"start":{"line":3,"column":32},"end":{"line":3,"column":86}}},"fnMap":{"0":{"name":"(anonymous_0)","decl":{"start":{"line":1,"column":9},"end":{"line":1,"column":30}},"loc":{"start":{"line":1,"column":9},"end":{"line":1,"column":66}}},"1":{"name":"(anonymous_1)","decl":{"start":{"line":2,"column":9},"end":{"line":2,"column":30}},"loc":{"start":{"line":2,"column":9},"end":{"line":2,"column":66}}},"2":{"name":"(anonymous_2)","decl":{"start":{"line":3,"column":9},"end":{"line":3,"column":30}},"loc":{"start":{"line":3,"column":9},"end":{"line":3,"column":32}}},"3":{"name":"(anonymous_3)","decl":{"start":{"line":3,"column":32},"end":{"line":3,"column":50}},"loc":{"start":{"line":3,"column":32},"end":{"line":3,"column":86}}}},"branchMap":{},"s":{"0":0,"1":0,"2":0,"3":0,"4":0,"5":0,"6":0},"f":{"0":0,"1":0,"2":0,"3":0},"b":{}}
,"D:\\Documentos\\GitHub\\ms-users\\src\\user-relationship\\dto\\update-relationship.dto.ts": {"path":"D:\\Documentos\\GitHub\\ms-users\\src\\user-relationship\\dto\\update-relationship.dto.ts","statementMap":{"0":{"start":{"line":1,"column":0},"end":{"line":1,"column":46}},"1":{"start":{"line":2,"column":0},"end":{"line":2,"column":53}},"2":{"start":{"line":3,"column":0},"end":{"line":3,"column":50}},"3":{"start":{"line":5,"column":0},"end":{"line":5,"column":13}},"4":{"start":{"line":13,"column":2},"end":{"line":13,"column":null}}},"fnMap":{},"branchMap":{"0":{"loc":{"start":{"line":13,"column":21},"end":{"line":13,"column":38}},"type":"cond-expr","locations":[{"start":{"line":13,"column":37},"end":{"line":13,"column":38}},{"start":{"line":13,"column":37},"end":{"line":13,"column":38}}]},"1":{"loc":{"start":{"line":13,"column":21},"end":{"line":13,"column":37}},"type":"binary-expr","locations":[{"start":{"line":13,"column":21},"end":{"line":13,"column":38}},{"start":{"line":13,"column":21},"end":{"line":13,"column":37}}]}},"s":{"0":0,"1":0,"2":0,"3":0,"4":0},"f":{},"b":{"0":[0,0],"1":[0,0]}}
,"D:\\Documentos\\GitHub\\ms-users\\src\\users\\users.controller.ts": {"path":"D:\\Documentos\\GitHub\\ms-users\\src\\users\\users.controller.ts","statementMap":{"0":{"start":{"line":1,"column":0},"end":{"line":1,"column":89}},"1":{"start":{"line":2,"column":0},"end":{"line":2,"column":74}},"2":{"start":{"line":3,"column":0},"end":{"line":3,"column":47}},"3":{"start":{"line":4,"column":0},"end":{"line":4,"column":69}},"4":{"start":{"line":9,"column":7},"end":{"line":20,"column":null}},"5":{"start":{"line":11,"column":31},"end":{"line":11,"column":44}},"6":{"start":{"line":17,"column":4},"end":{"line":17,"column":null}},"7":{"start":{"line":9,"column":13},"end":{"line":9,"column":28}},"8":{"start":{"line":16,"column":2},"end":{"line":18,"column":null}},"9":{"start":{"line":9,"column":13},"end":{"line":20,"column":null}}},"fnMap":{"0":{"name":"(anonymous_4)","decl":{"start":{"line":11,"column":2},"end":{"line":11,"column":31}},"loc":{"start":{"line":11,"column":56},"end":{"line":11,"column":61}}},"1":{"name":"(anonymous_5)","decl":{"start":{"line":16,"column":2},"end":{"line":16,"column":9}},"loc":{"start":{"line":16,"column":33},"end":{"line":18,"column":3}}}},"branchMap":{"0":{"loc":{"start":{"line":11,"column":44},"end":{"line":11,"column":60}},"type":"cond-expr","locations":[{"start":{"line":11,"column":56},"end":{"line":11,"column":60}},{"start":{"line":11,"column":56},"end":{"line":11,"column":60}}]},"1":{"loc":{"start":{"line":11,"column":44},"end":{"line":11,"column":56}},"type":"binary-expr","locations":[{"start":{"line":11,"column":44},"end":{"line":11,"column":60}},{"start":{"line":11,"column":44},"end":{"line":11,"column":56}}]}},"s":{"0":0,"1":0,"2":0,"3":0,"4":0,"5":0,"6":0,"7":0,"8":0,"9":0},"f":{"0":0,"1":0},"b":{"0":[0,0],"1":[0,0]}}
,"D:\\Documentos\\GitHub\\ms-users\\src\\users\\users.module.ts": {"path":"D:\\Documentos\\GitHub\\ms-users\\src\\users\\users.module.ts","statementMap":{"0":{"start":{"line":1,"column":0},"end":{"line":1,"column":40}},"1":{"start":{"line":2,"column":0},"end":{"line":2,"column":53}},"2":{"start":{"line":3,"column":0},"end":{"line":3,"column":47}},"3":{"start":{"line":4,"column":0},"end":{"line":4,"column":55}},"4":{"start":{"line":5,"column":0},"end":{"line":5,"column":40}},"5":{"start":{"line":13,"column":7},"end":{"line":13,"column":null}},"6":{"start":{"line":13,"column":13},"end":{"line":13,"column":24}},"7":{"start":{"line":13,"column":13},"end":{"line":13,"column":null}}},"fnMap":{},"branchMap":{},"s":{"0":0,"1":0,"2":0,"3":0,"4":0,"5":0,"6":0,"7":0},"f":{},"b":{}}
,"D:\\Documentos\\GitHub\\ms-users\\src\\users\\users.service.ts": {"path":"D:\\Documentos\\GitHub\\ms-users\\src\\users\\users.service.ts","statementMap":{"0":{"start":{"line":1,"column":0},"end":{"line":1,"column":67}},"1":{"start":{"line":2,"column":0},"end":{"line":2,"column":57}},"2":{"start":{"line":8,"column":25},"end":{"line":102,"column":null}},"3":{"start":{"line":12,"column":31},"end":{"line":12,"column":43}},"4":{"start":{"line":13,"column":4},"end":{"line":13,"column":null}},"5":{"start":{"line":17,"column":4},"end":{"line":17,"column":29}},"6":{"start":{"line":18,"column":16},"end":{"line":18,"column":27}},"7":{"start":{"line":19,"column":4},"end":{"line":19,"column":null}},"8":{"start":{"line":23,"column":4},"end":{"line":46,"column":5}},"9":{"start":{"line":24,"column":6},"end":{"line":41,"column":null}},"10":{"start":{"line":44,"column":6},"end":{"line":44,"column":54}},"11":{"start":{"line":45,"column":6},"end":{"line":45,"column":null}},"12":{"start":{"line":50,"column":4},"end":{"line":74,"column":5}},"13":{"start":{"line":51,"column":6},"end":{"line":70,"column":9}},"14":{"start":{"line":72,"column":6},"end":{"line":72,"column":54}},"15":{"start":{"line":73,"column":6},"end":{"line":73,"column":18}},"16":{"start":{"line":80,"column":4},"end":{"line":89,"column":5}},"17":{"start":{"line":81,"column":30},"end":{"line":81,"column":36}},"18":{"start":{"line":82,"column":6},"end":{"line":85,"column":9}},"19":{"start":{"line":87,"column":6},"end":{"line":87,"column":53}},"20":{"start":{"line":88,"column":6},"end":{"line":88,"column":18}},"21":{"start":{"line":93,"column":4},"end":{"line":100,"column":5}},"22":{"start":{"line":94,"column":6},"end":{"line":96,"column":null}},"23":{"start":{"line":98,"column":6},"end":{"line":98,"column":53}},"24":{"start":{"line":99,"column":6},"end":{"line":99,"column":null}},"25":{"start":{"line":8,"column":13},"end":{"line":8,"column":25}},"26":{"start":{"line":8,"column":13},"end":{"line":102,"column":null}}},"fnMap":{"0":{"name":"(anonymous_2)","decl":{"start":{"line":12,"column":2},"end":{"line":12,"column":31}},"loc":{"start":{"line":12,"column":56},"end":{"line":14,"column":3}}},"1":{"name":"(anonymous_3)","decl":{"start":{"line":16,"column":10},"end":{"line":16,"column":22}},"loc":{"start":{"line":16,"column":65},"end":{"line":20,"column":3}}},"2":{"name":"(anonymous_4)","decl":{"start":{"line":22,"column":2},"end":{"line":22,"column":7}},"loc":{"start":{"line":22,"column":25},"end":{"line":47,"column":3}}},"3":{"name":"(anonymous_5)","decl":{"start":{"line":49,"column":2},"end":{"line":49,"column":7}},"loc":{"start":{"line":49,"column":70},"end":{"line":75,"column":3}}},"4":{"name":"(anonymous_6)","decl":{"start":{"line":77,"column":2},"end":{"line":77,"column":7}},"loc":{"start":{"line":79,"column":3},"end":{"line":90,"column":3}}},"5":{"name":"(anonymous_7)","decl":{"start":{"line":92,"column":2},"end":{"line":92,"column":7}},"loc":{"start":{"line":92,"column":60},"end":{"line":101,"column":3}}}},"branchMap":{"0":{"loc":{"start":{"line":18,"column":16},"end":{"line":18,"column":27}},"type":"binary-expr","locations":[{"start":{"line":18,"column":16},"end":{"line":18,"column":20}},{"start":{"line":18,"column":24},"end":{"line":18,"column":27}}]},"1":{"loc":{"start":{"line":56,"column":14},"end":{"line":56,"column":69}},"type":"binary-expr","locations":[{"start":{"line":56,"column":14},"end":{"line":56,"column":40}},{"start":{"line":56,"column":44},"end":{"line":56,"column":69}}]},"2":{"loc":{"start":{"line":57,"column":14},"end":{"line":57,"column":81}},"type":"binary-expr","locations":[{"start":{"line":57,"column":14},"end":{"line":57,"column":44}},{"start":{"line":57,"column":48},"end":{"line":57,"column":81}}]},"3":{"loc":{"start":{"line":58,"column":14},"end":{"line":58,"column":72}},"type":"binary-expr","locations":[{"start":{"line":58,"column":14},"end":{"line":58,"column":41}},{"start":{"line":58,"column":45},"end":{"line":58,"column":72}}]},"4":{"loc":{"start":{"line":59,"column":14},"end":{"line":59,"column":78}},"type":"binary-expr","locations":[{"start":{"line":59,"column":14},"end":{"line":59,"column":43}},{"start":{"line":59,"column":47},"end":{"line":59,"column":78}}]},"5":{"loc":{"start":{"line":60,"column":14},"end":{"line":60,"column":57}},"type":"binary-expr","locations":[{"start":{"line":60,"column":14},"end":{"line":60,"column":36}},{"start":{"line":60,"column":40},"end":{"line":60,"column":57}}]},"6":{"loc":{"start":{"line":61,"column":14},"end":{"line":61,"column":93}},"type":"binary-expr","locations":[{"start":{"line":61,"column":14},"end":{"line":61,"column":48}},{"start":{"line":61,"column":52},"end":{"line":61,"column":93}}]},"7":{"loc":{"start":{"line":62,"column":14},"end":{"line":62,"column":93}},"type":"binary-expr","locations":[{"start":{"line":62,"column":14},"end":{"line":62,"column":48}},{"start":{"line":62,"column":52},"end":{"line":62,"column":93}}]},"8":{"loc":{"start":{"line":63,"column":14},"end":{"line":63,"column":96}},"type":"binary-expr","locations":[{"start":{"line":63,"column":14},"end":{"line":63,"column":49}},{"start":{"line":63,"column":53},"end":{"line":63,"column":96}}]},"9":{"loc":{"start":{"line":64,"column":14},"end":{"line":64,"column":90}},"type":"binary-expr","locations":[{"start":{"line":64,"column":14},"end":{"line":64,"column":47}},{"start":{"line":64,"column":51},"end":{"line":64,"column":90}}]},"10":{"loc":{"start":{"line":65,"column":14},"end":{"line":65,"column":60}},"type":"binary-expr","locations":[{"start":{"line":65,"column":14},"end":{"line":65,"column":37}},{"start":{"line":65,"column":41},"end":{"line":65,"column":60}}]},"11":{"loc":{"start":{"line":66,"column":14},"end":{"line":66,"column":69}},"type":"binary-expr","locations":[{"start":{"line":66,"column":14},"end":{"line":66,"column":40}},{"start":{"line":66,"column":44},"end":{"line":66,"column":69}}]},"12":{"loc":{"start":{"line":67,"column":14},"end":{"line":67,"column":78}},"type":"binary-expr","locations":[{"start":{"line":67,"column":14},"end":{"line":67,"column":43}},{"start":{"line":67,"column":47},"end":{"line":67,"column":78}}]},"13":{"loc":{"start":{"line":68,"column":14},"end":{"line":68,"column":53}},"type":"binary-expr","locations":[{"start":{"line":68,"column":14},"end":{"line":68,"column":33}},{"start":{"line":68,"column":37},"end":{"line":68,"column":53}}]},"14":{"loc":{"start":{"line":12,"column":43},"end":{"line":12,"column":null}},"type":"cond-expr","locations":[{"start":{"line":12,"column":56},"end":{"line":12,"column":null}},{"start":{"line":12,"column":56},"end":{"line":12,"column":null}}]},"15":{"loc":{"start":{"line":12,"column":43},"end":{"line":12,"column":56}},"type":"binary-expr","locations":[{"start":{"line":12,"column":43},"end":{"line":12,"column":null}},{"start":{"line":12,"column":43},"end":{"line":12,"column":56}}]}},"s":{"0":0,"1":0,"2":0,"3":0,"4":0,"5":0,"6":0,"7":0,"8":0,"9":0,"10":0,"11":0,"12":0,"13":0,"14":0,"15":0,"16":0,"17":0,"18":0,"19":0,"20":0,"21":0,"22":0,"23":0,"24":0,"25":0,"26":0},"f":{"0":0,"1":0,"2":0,"3":0,"4":0,"5":0},"b":{"0":[0,0],"1":[0,0],"2":[0,0],"3":[0,0],"4":[0,0],"5":[0,0],"6":[0,0],"7":[0,0],"8":[0,0],"9":[0,0],"10":[0,0],"11":[0,0],"12":[0,0],"13":[0,0],"14":[0,0],"15":[0,0]}}
,"D:\\Documentos\\GitHub\\ms-users\\src\\users\\dto\\createUser.dto.ts": {"path":"D:\\Documentos\\GitHub\\ms-users\\src\\users\\dto\\createUser.dto.ts","statementMap":{"0":{"start":{"line":1,"column":0},"end":{"line":1,"column":46}},"1":{"start":{"line":2,"column":0},"end":{"line":2,"column":67}},"2":{"start":{"line":4,"column":0},"end":{"line":4,"column":13}},"3":{"start":{"line":9,"column":2},"end":{"line":9,"column":null}},"4":{"start":{"line":14,"column":2},"end":{"line":14,"column":null}},"5":{"start":{"line":19,"column":2},"end":{"line":19,"column":null}},"6":{"start":{"line":24,"column":2},"end":{"line":24,"column":null}},"7":{"start":{"line":29,"column":2},"end":{"line":29,"column":null}},"8":{"start":{"line":38,"column":2},"end":{"line":38,"column":null}},"9":{"start":{"line":47,"column":2},"end":{"line":47,"column":null}},"10":{"start":{"line":52,"column":2},"end":{"line":52,"column":null}},"11":{"start":{"line":57,"column":2},"end":{"line":57,"column":null}},"12":{"start":{"line":62,"column":2},"end":{"line":62,"column":null}},"13":{"start":{"line":67,"column":2},"end":{"line":67,"column":null}},"14":{"start":{"line":72,"column":2},"end":{"line":72,"column":null}},"15":{"start":{"line":77,"column":2},"end":{"line":77,"column":null}},"16":{"start":{"line":82,"column":2},"end":{"line":82,"column":null}}},"fnMap":{},"branchMap":{},"s":{"0":0,"1":0,"2":0,"3":0,"4":0,"5":0,"6":0,"7":0,"8":0,"9":0,"10":0,"11":0,"12":0,"13":0,"14":0,"15":0,"16":0},"f":{},"b":{}}
,"D:\\Documentos\\GitHub\\ms-users\\src\\users\\dto\\getUser.dto.ts": {"path":"D:\\Documentos\\GitHub\\ms-users\\src\\users\\dto\\getUser.dto.ts","statementMap":{"0":{"start":{"line":1,"column":0},"end":{"line":1,"column":46}},"1":{"start":{"line":2,"column":0},"end":{"line":2,"column":55}},"2":{"start":{"line":4,"column":0},"end":{"line":4,"column":13}},"3":{"start":{"line":8,"column":2},"end":{"line":8,"column":null}},"4":{"start":{"line":13,"column":2},"end":{"line":13,"column":null}}},"fnMap":{},"branchMap":{},"s":{"0":0,"1":0,"2":0,"3":0,"4":0},"f":{},"b":{}}
,"D:\\Documentos\\GitHub\\ms-users\\src\\users\\dto\\register.dto.ts": {"path":"D:\\Documentos\\GitHub\\ms-users\\src\\users\\dto\\register.dto.ts","statementMap":{"0":{"start":{"line":1,"column":0},"end":{"line":1,"column":46}},"1":{"start":{"line":2,"column":0},"end":{"line":2,"column":76}},"2":{"start":{"line":4,"column":0},"end":{"line":4,"column":13}},"3":{"start":{"line":8,"column":2},"end":{"line":8,"column":null}},"4":{"start":{"line":13,"column":2},"end":{"line":13,"column":null}},"5":{"start":{"line":18,"column":2},"end":{"line":18,"column":null}},"6":{"start":{"line":23,"column":2},"end":{"line":23,"column":null}},"7":{"start":{"line":28,"column":2},"end":{"line":28,"column":null}},"8":{"start":{"line":33,"column":2},"end":{"line":33,"column":null}},"9":{"start":{"line":38,"column":2},"end":{"line":38,"column":null}},"10":{"start":{"line":47,"column":2},"end":{"line":47,"column":null}},"11":{"start":{"line":56,"column":2},"end":{"line":56,"column":null}},"12":{"start":{"line":61,"column":2},"end":{"line":61,"column":null}},"13":{"start":{"line":66,"column":2},"end":{"line":66,"column":null}},"14":{"start":{"line":71,"column":2},"end":{"line":71,"column":null}},"15":{"start":{"line":76,"column":2},"end":{"line":76,"column":null}},"16":{"start":{"line":81,"column":2},"end":{"line":81,"column":null}},"17":{"start":{"line":86,"column":2},"end":{"line":86,"column":null}},"18":{"start":{"line":91,"column":2},"end":{"line":91,"column":null}}},"fnMap":{},"branchMap":{},"s":{"0":0,"1":0,"2":0,"3":0,"4":0,"5":0,"6":0,"7":0,"8":0,"9":0,"10":0,"11":0,"12":0,"13":0,"14":0,"15":0,"16":0,"17":0,"18":0},"f":{},"b":{}}
,"D:\\Documentos\\GitHub\\ms-users\\src\\users\\dto\\updateUser.dto.ts": {"path":"D:\\Documentos\\GitHub\\ms-users\\src\\users\\dto\\updateUser.dto.ts","statementMap":{"0":{"start":{"line":1,"column":0},"end":{"line":1,"column":46}},"1":{"start":{"line":2,"column":0},"end":{"line":2,"column":55}},"2":{"start":{"line":4,"column":0},"end":{"line":4,"column":13}},"3":{"start":{"line":8,"column":2},"end":{"line":8,"column":null}},"4":{"start":{"line":13,"column":2},"end":{"line":13,"column":null}},"5":{"start":{"line":18,"column":2},"end":{"line":18,"column":null}},"6":{"start":{"line":23,"column":2},"end":{"line":23,"column":null}},"7":{"start":{"line":28,"column":2},"end":{"line":28,"column":null}},"8":{"start":{"line":37,"column":2},"end":{"line":37,"column":null}},"9":{"start":{"line":46,"column":2},"end":{"line":46,"column":null}},"10":{"start":{"line":51,"column":2},"end":{"line":51,"column":null}},"11":{"start":{"line":56,"column":2},"end":{"line":56,"column":null}},"12":{"start":{"line":61,"column":2},"end":{"line":61,"column":null}},"13":{"start":{"line":66,"column":2},"end":{"line":66,"column":null}},"14":{"start":{"line":71,"column":2},"end":{"line":71,"column":null}},"15":{"start":{"line":76,"column":2},"end":{"line":76,"column":null}},"16":{"start":{"line":81,"column":2},"end":{"line":81,"column":null}}},"fnMap":{},"branchMap":{},"s":{"0":0,"1":0,"2":0,"3":0,"4":0,"5":0,"6":0,"7":0,"8":0,"9":0,"10":0,"11":0,"12":0,"13":0,"14":0,"15":0,"16":0},"f":{},"b":{}}
}
